2023-12-12T17:39:25.735Z [Modules] Modules initializing
2023-12-12T17:39:25.736Z [Modules] Distribution: remote
2023-12-12T17:39:25.736Z [Modules] Host updates: enabled
2023-12-12T17:39:25.736Z [Modules] Module updates: enabled
2023-12-12T17:39:25.736Z [Modules] Module install path: /home/leint/.config/discord/0.0.37/modules
2023-12-12T17:39:25.736Z [Modules] Module installed file path: /home/leint/.config/discord/0.0.37/modules/installed.json
2023-12-12T17:39:25.736Z [Modules] Module download path: /home/leint/.config/discord/0.0.37/modules/pending
2023-12-12T17:39:27.101Z [Modules] Bootstrapping...
2023-12-12T17:39:27.101Z [Modules] Installing discord_desktop_core@0 from /opt/discord/resources/bootstrap/discord_desktop_core.zip
2023-12-12T17:39:27.105Z [Modules] Failed installing discord_desktop_core@0: Error: ENOENT: no such file or directory, open '/opt/discord/resources/bootstrap/discord_desktop_core.zip'
2023-12-12T17:39:27.106Z [Modules] Installing discord_erlpack@0 from /opt/discord/resources/bootstrap/discord_erlpack.zip
2023-12-12T17:39:27.107Z [Modules] Failed installing discord_erlpack@0: Error: ENOENT: no such file or directory, open '/opt/discord/resources/bootstrap/discord_erlpack.zip'
2023-12-12T17:39:27.108Z [Modules] Installing discord_spellcheck@0 from /opt/discord/resources/bootstrap/discord_spellcheck.zip
2023-12-12T17:39:27.109Z [Modules] Failed installing discord_spellcheck@0: Error: ENOENT: no such file or directory, open '/opt/discord/resources/bootstrap/discord_spellcheck.zip'
2023-12-12T17:39:27.115Z [Modules] Installing discord_utils@0 from /opt/discord/resources/bootstrap/discord_utils.zip
2023-12-12T17:39:27.116Z [Modules] Failed installing discord_utils@0: Error: ENOENT: no such file or directory, open '/opt/discord/resources/bootstrap/discord_utils.zip'
2023-12-12T17:39:27.116Z [Modules] Installing discord_voice@0 from /opt/discord/resources/bootstrap/discord_voice.zip
2023-12-12T17:39:27.117Z [Modules] Failed installing discord_voice@0: Error: ENOENT: no such file or directory, open '/opt/discord/resources/bootstrap/discord_voice.zip'
2023-12-12T17:39:27.118Z [Modules] Finished module installations. [success: 0] [failure: 5]
2023-12-12T17:39:27.118Z [Modules] Checking for host updates.
2023-12-12T17:39:27.544Z [Modules] Host is up to date.
2023-12-12T17:39:27.545Z [Modules] Checking for module updates at https://discord.com/api/modules/stable/versions.json
2023-12-12T17:39:27.636Z [Modules] Module update available: discord_desktop_core@1 [installed: 0]
2023-12-12T17:39:27.637Z [Modules] Module update available: discord_erlpack@1 [installed: 0]
2023-12-12T17:39:27.637Z [Modules] Module update available: discord_spellcheck@1 [installed: 0]
2023-12-12T17:39:27.637Z [Modules] Module update available: discord_utils@1 [installed: 0]
2023-12-12T17:39:27.638Z [Modules] Module update available: discord_voice@1 [installed: 0]
2023-12-12T17:39:27.639Z [Modules] Fetching discord_desktop_core@1 from https://discord.com/api/modules/stable/discord_desktop_core/1
2023-12-12T17:39:27.640Z [Modules] Streaming discord_desktop_core@1 to /home/leint/.config/discord/0.0.37/modules/pending/discord_desktop_core-1.zip
2023-12-12T17:39:28.250Z [Modules] Streaming discord_desktop_core@1 to /home/leint/.config/discord/0.0.37/modules/pending/discord_desktop_core-1.zip: 1%
2023-12-12T17:39:28.278Z [Modules] Streaming discord_desktop_core@1 to /home/leint/.config/discord/0.0.37/modules/pending/discord_desktop_core-1.zip: 2%
2023-12-12T17:39:28.313Z [Modules] Streaming discord_desktop_core@1 to /home/leint/.config/discord/0.0.37/modules/pending/discord_desktop_core-1.zip: 5%
2023-12-12T17:39:28.315Z [Modules] Streaming discord_desktop_core@1 to /home/leint/.config/discord/0.0.37/modules/pending/discord_desktop_core-1.zip: 6%
2023-12-12T17:39:28.339Z [Modules] Streaming discord_desktop_core@1 to /home/leint/.config/discord/0.0.37/modules/pending/discord_desktop_core-1.zip: 9%
2023-12-12T17:39:28.345Z [Modules] Streaming discord_desktop_core@1 to /home/leint/.config/discord/0.0.37/modules/pending/discord_desktop_core-1.zip: 10%
2023-12-12T17:39:28.347Z [Modules] Streaming discord_desktop_core@1 to /home/leint/.config/discord/0.0.37/modules/pending/discord_desktop_core-1.zip: 11%
2023-12-12T17:39:28.352Z [Modules] Streaming discord_desktop_core@1 to /home/leint/.config/discord/0.0.37/modules/pending/discord_desktop_core-1.zip: 12%
2023-12-12T17:39:28.355Z [Modules] Streaming discord_desktop_core@1 to /home/leint/.config/discord/0.0.37/modules/pending/discord_desktop_core-1.zip: 13%
2023-12-12T17:39:28.360Z [Modules] Streaming discord_desktop_core@1 to /home/leint/.config/discord/0.0.37/modules/pending/discord_desktop_core-1.zip: 14%
2023-12-12T17:39:28.363Z [Modules] Streaming discord_desktop_core@1 to /home/leint/.config/discord/0.0.37/modules/pending/discord_desktop_core-1.zip: 15%
2023-12-12T17:39:28.365Z [Modules] Streaming discord_desktop_core@1 to /home/leint/.config/discord/0.0.37/modules/pending/discord_desktop_core-1.zip: 16%
2023-12-12T17:39:28.366Z [Modules] Streaming discord_desktop_core@1 to /home/leint/.config/discord/0.0.37/modules/pending/discord_desktop_core-1.zip: 17%
2023-12-12T17:39:28.370Z [Modules] Streaming discord_desktop_core@1 to /home/leint/.config/discord/0.0.37/modules/pending/discord_desktop_core-1.zip: 18%
2023-12-12T17:39:28.372Z [Modules] Streaming discord_desktop_core@1 to /home/leint/.config/discord/0.0.37/modules/pending/discord_desktop_core-1.zip: 19%
2023-12-12T17:39:28.374Z [Modules] Streaming discord_desktop_core@1 to /home/leint/.config/discord/0.0.37/modules/pending/discord_desktop_core-1.zip: 20%
2023-12-12T17:39:28.377Z [Modules] Streaming discord_desktop_core@1 to /home/leint/.config/discord/0.0.37/modules/pending/discord_desktop_core-1.zip: 21%
2023-12-12T17:39:28.379Z [Modules] Streaming discord_desktop_core@1 to /home/leint/.config/discord/0.0.37/modules/pending/discord_desktop_core-1.zip: 22%
2023-12-12T17:39:28.381Z [Modules] Streaming discord_desktop_core@1 to /home/leint/.config/discord/0.0.37/modules/pending/discord_desktop_core-1.zip: 23%
2023-12-12T17:39:28.383Z [Modules] Streaming discord_desktop_core@1 to /home/leint/.config/discord/0.0.37/modules/pending/discord_desktop_core-1.zip: 24%
2023-12-12T17:39:28.384Z [Modules] Streaming discord_desktop_core@1 to /home/leint/.config/discord/0.0.37/modules/pending/discord_desktop_core-1.zip: 25%
2023-12-12T17:39:28.387Z [Modules] Streaming discord_desktop_core@1 to /home/leint/.config/discord/0.0.37/modules/pending/discord_desktop_core-1.zip: 26%
2023-12-12T17:39:28.389Z [Modules] Streaming discord_desktop_core@1 to /home/leint/.config/discord/0.0.37/modules/pending/discord_desktop_core-1.zip: 27%
2023-12-12T17:39:28.390Z [Modules] Streaming discord_desktop_core@1 to /home/leint/.config/discord/0.0.37/modules/pending/discord_desktop_core-1.zip: 28%
2023-12-12T17:39:28.393Z [Modules] Streaming discord_desktop_core@1 to /home/leint/.config/discord/0.0.37/modules/pending/discord_desktop_core-1.zip: 29%
2023-12-12T17:39:28.395Z [Modules] Streaming discord_desktop_core@1 to /home/leint/.config/discord/0.0.37/modules/pending/discord_desktop_core-1.zip: 30%
2023-12-12T17:39:28.396Z [Modules] Streaming discord_desktop_core@1 to /home/leint/.config/discord/0.0.37/modules/pending/discord_desktop_core-1.zip: 31%
2023-12-12T17:39:28.399Z [Modules] Streaming discord_desktop_core@1 to /home/leint/.config/discord/0.0.37/modules/pending/discord_desktop_core-1.zip: 32%
2023-12-12T17:39:28.402Z [Modules] Streaming discord_desktop_core@1 to /home/leint/.config/discord/0.0.37/modules/pending/discord_desktop_core-1.zip: 33%
2023-12-12T17:39:28.403Z [Modules] Streaming discord_desktop_core@1 to /home/leint/.config/discord/0.0.37/modules/pending/discord_desktop_core-1.zip: 34%
2023-12-12T17:39:28.405Z [Modules] Streaming discord_desktop_core@1 to /home/leint/.config/discord/0.0.37/modules/pending/discord_desktop_core-1.zip: 35%
2023-12-12T17:39:28.508Z [Modules] Streaming discord_desktop_core@1 to /home/leint/.config/discord/0.0.37/modules/pending/discord_desktop_core-1.zip: 38%
2023-12-12T17:39:28.515Z [Modules] Streaming discord_desktop_core@1 to /home/leint/.config/discord/0.0.37/modules/pending/discord_desktop_core-1.zip: 51%
2023-12-12T17:39:28.520Z [Modules] Streaming discord_desktop_core@1 to /home/leint/.config/discord/0.0.37/modules/pending/discord_desktop_core-1.zip: 72%
2023-12-12T17:39:28.525Z [Modules] Streaming discord_desktop_core@1 to /home/leint/.config/discord/0.0.37/modules/pending/discord_desktop_core-1.zip: 84%
2023-12-12T17:39:28.530Z [Modules] Streaming discord_desktop_core@1 to /home/leint/.config/discord/0.0.37/modules/pending/discord_desktop_core-1.zip: 94%
2023-12-12T17:39:28.533Z [Modules] Streaming discord_desktop_core@1 to /home/leint/.config/discord/0.0.37/modules/pending/discord_desktop_core-1.zip: 95%
2023-12-12T17:39:28.535Z [Modules] Streaming discord_desktop_core@1 to /home/leint/.config/discord/0.0.37/modules/pending/discord_desktop_core-1.zip: 98%
2023-12-12T17:39:28.540Z [Modules] Streaming discord_desktop_core@1 to /home/leint/.config/discord/0.0.37/modules/pending/discord_desktop_core-1.zip: 99%
2023-12-12T17:39:28.542Z [Modules] Streaming discord_desktop_core@1 to /home/leint/.config/discord/0.0.37/modules/pending/discord_desktop_core-1.zip: 100%
2023-12-12T17:39:28.545Z [Modules] Fetching discord_erlpack@1 from https://discord.com/api/modules/stable/discord_erlpack/1
2023-12-12T17:39:28.545Z [Modules] Streaming discord_erlpack@1 to /home/leint/.config/discord/0.0.37/modules/pending/discord_erlpack-1.zip
2023-12-12T17:39:28.883Z [Modules] Streaming discord_erlpack@1 to /home/leint/.config/discord/0.0.37/modules/pending/discord_erlpack-1.zip: 2%
2023-12-12T17:39:28.885Z [Modules] Streaming discord_erlpack@1 to /home/leint/.config/discord/0.0.37/modules/pending/discord_erlpack-1.zip: 4%
2023-12-12T17:39:28.888Z [Modules] Streaming discord_erlpack@1 to /home/leint/.config/discord/0.0.37/modules/pending/discord_erlpack-1.zip: 5%
2023-12-12T17:39:28.923Z [Modules] Streaming discord_erlpack@1 to /home/leint/.config/discord/0.0.37/modules/pending/discord_erlpack-1.zip: 6%
2023-12-12T17:39:28.925Z [Modules] Streaming discord_erlpack@1 to /home/leint/.config/discord/0.0.37/modules/pending/discord_erlpack-1.zip: 7%
2023-12-12T17:39:28.929Z [Modules] Streaming discord_erlpack@1 to /home/leint/.config/discord/0.0.37/modules/pending/discord_erlpack-1.zip: 11%
2023-12-12T17:39:28.933Z [Modules] Streaming discord_erlpack@1 to /home/leint/.config/discord/0.0.37/modules/pending/discord_erlpack-1.zip: 15%
2023-12-12T17:39:28.935Z [Modules] Streaming discord_erlpack@1 to /home/leint/.config/discord/0.0.37/modules/pending/discord_erlpack-1.zip: 16%
2023-12-12T17:39:28.937Z [Modules] Streaming discord_erlpack@1 to /home/leint/.config/discord/0.0.37/modules/pending/discord_erlpack-1.zip: 19%
2023-12-12T17:39:28.938Z [Modules] Streaming discord_erlpack@1 to /home/leint/.config/discord/0.0.37/modules/pending/discord_erlpack-1.zip: 20%
2023-12-12T17:39:28.940Z [Modules] Streaming discord_erlpack@1 to /home/leint/.config/discord/0.0.37/modules/pending/discord_erlpack-1.zip: 23%
2023-12-12T17:39:28.942Z [Modules] Streaming discord_erlpack@1 to /home/leint/.config/discord/0.0.37/modules/pending/discord_erlpack-1.zip: 24%
2023-12-12T17:39:28.944Z [Modules] Streaming discord_erlpack@1 to /home/leint/.config/discord/0.0.37/modules/pending/discord_erlpack-1.zip: 28%
2023-12-12T17:39:28.946Z [Modules] Streaming discord_erlpack@1 to /home/leint/.config/discord/0.0.37/modules/pending/discord_erlpack-1.zip: 29%
2023-12-12T17:39:28.950Z [Modules] Streaming discord_erlpack@1 to /home/leint/.config/discord/0.0.37/modules/pending/discord_erlpack-1.zip: 32%
2023-12-12T17:39:28.952Z [Modules] Streaming discord_erlpack@1 to /home/leint/.config/discord/0.0.37/modules/pending/discord_erlpack-1.zip: 33%
2023-12-12T17:39:28.954Z [Modules] Streaming discord_erlpack@1 to /home/leint/.config/discord/0.0.37/modules/pending/discord_erlpack-1.zip: 34%
2023-12-12T17:39:28.955Z [Modules] Streaming discord_erlpack@1 to /home/leint/.config/discord/0.0.37/modules/pending/discord_erlpack-1.zip: 36%
2023-12-12T17:39:28.957Z [Modules] Streaming discord_erlpack@1 to /home/leint/.config/discord/0.0.37/modules/pending/discord_erlpack-1.zip: 37%
2023-12-12T17:39:28.994Z [Modules] Streaming discord_erlpack@1 to /home/leint/.config/discord/0.0.37/modules/pending/discord_erlpack-1.zip: 38%
2023-12-12T17:39:29.027Z [Modules] Streaming discord_erlpack@1 to /home/leint/.config/discord/0.0.37/modules/pending/discord_erlpack-1.zip: 41%
2023-12-12T17:39:29.028Z [Modules] Streaming discord_erlpack@1 to /home/leint/.config/discord/0.0.37/modules/pending/discord_erlpack-1.zip: 47%
2023-12-12T17:39:29.030Z [Modules] Streaming discord_erlpack@1 to /home/leint/.config/discord/0.0.37/modules/pending/discord_erlpack-1.zip: 50%
2023-12-12T17:39:29.031Z [Modules] Streaming discord_erlpack@1 to /home/leint/.config/discord/0.0.37/modules/pending/discord_erlpack-1.zip: 55%
2023-12-12T17:39:29.034Z [Modules] Streaming discord_erlpack@1 to /home/leint/.config/discord/0.0.37/modules/pending/discord_erlpack-1.zip: 59%
2023-12-12T17:39:29.035Z [Modules] Streaming discord_erlpack@1 to /home/leint/.config/discord/0.0.37/modules/pending/discord_erlpack-1.zip: 64%
2023-12-12T17:39:29.040Z [Modules] Streaming discord_erlpack@1 to /home/leint/.config/discord/0.0.37/modules/pending/discord_erlpack-1.zip: 65%
2023-12-12T17:39:29.041Z [Modules] Streaming discord_erlpack@1 to /home/leint/.config/discord/0.0.37/modules/pending/discord_erlpack-1.zip: 68%
2023-12-12T17:39:29.042Z [Modules] Streaming discord_erlpack@1 to /home/leint/.config/discord/0.0.37/modules/pending/discord_erlpack-1.zip: 71%
2023-12-12T17:39:29.044Z [Modules] Streaming discord_erlpack@1 to /home/leint/.config/discord/0.0.37/modules/pending/discord_erlpack-1.zip: 83%
2023-12-12T17:39:29.046Z [Modules] Streaming discord_erlpack@1 to /home/leint/.config/discord/0.0.37/modules/pending/discord_erlpack-1.zip: 100%
2023-12-12T17:39:29.048Z [Modules] Fetching discord_spellcheck@1 from https://discord.com/api/modules/stable/discord_spellcheck/1
2023-12-12T17:39:29.049Z [Modules] Streaming discord_spellcheck@1 to /home/leint/.config/discord/0.0.37/modules/pending/discord_spellcheck-1.zip
2023-12-12T17:39:29.401Z [Modules] Streaming discord_spellcheck@1 to /home/leint/.config/discord/0.0.37/modules/pending/discord_spellcheck-1.zip: 1%
2023-12-12T17:39:29.407Z [Modules] Streaming discord_spellcheck@1 to /home/leint/.config/discord/0.0.37/modules/pending/discord_spellcheck-1.zip: 2%
2023-12-12T17:39:29.415Z [Modules] Streaming discord_spellcheck@1 to /home/leint/.config/discord/0.0.37/modules/pending/discord_spellcheck-1.zip: 3%
2023-12-12T17:39:29.420Z [Modules] Streaming discord_spellcheck@1 to /home/leint/.config/discord/0.0.37/modules/pending/discord_spellcheck-1.zip: 4%
2023-12-12T17:39:29.425Z [Modules] Streaming discord_spellcheck@1 to /home/leint/.config/discord/0.0.37/modules/pending/discord_spellcheck-1.zip: 5%
2023-12-12T17:39:29.429Z [Modules] Streaming discord_spellcheck@1 to /home/leint/.config/discord/0.0.37/modules/pending/discord_spellcheck-1.zip: 6%
2023-12-12T17:39:29.468Z [Modules] Streaming discord_spellcheck@1 to /home/leint/.config/discord/0.0.37/modules/pending/discord_spellcheck-1.zip: 7%
2023-12-12T17:39:29.475Z [Modules] Streaming discord_spellcheck@1 to /home/leint/.config/discord/0.0.37/modules/pending/discord_spellcheck-1.zip: 8%
2023-12-12T17:39:29.482Z [Modules] Streaming discord_spellcheck@1 to /home/leint/.config/discord/0.0.37/modules/pending/discord_spellcheck-1.zip: 9%
2023-12-12T17:39:29.486Z [Modules] Streaming discord_spellcheck@1 to /home/leint/.config/discord/0.0.37/modules/pending/discord_spellcheck-1.zip: 10%
2023-12-12T17:39:29.488Z [Modules] Streaming discord_spellcheck@1 to /home/leint/.config/discord/0.0.37/modules/pending/discord_spellcheck-1.zip: 11%
2023-12-12T17:39:29.493Z [Modules] Streaming discord_spellcheck@1 to /home/leint/.config/discord/0.0.37/modules/pending/discord_spellcheck-1.zip: 12%
2023-12-12T17:39:29.496Z [Modules] Streaming discord_spellcheck@1 to /home/leint/.config/discord/0.0.37/modules/pending/discord_spellcheck-1.zip: 13%
2023-12-12T17:39:29.499Z [Modules] Streaming discord_spellcheck@1 to /home/leint/.config/discord/0.0.37/modules/pending/discord_spellcheck-1.zip: 14%
2023-12-12T17:39:29.505Z [Modules] Streaming discord_spellcheck@1 to /home/leint/.config/discord/0.0.37/modules/pending/discord_spellcheck-1.zip: 15%
2023-12-12T17:39:29.510Z [Modules] Streaming discord_spellcheck@1 to /home/leint/.config/discord/0.0.37/modules/pending/discord_spellcheck-1.zip: 16%
2023-12-12T17:39:29.516Z [Modules] Streaming discord_spellcheck@1 to /home/leint/.config/discord/0.0.37/modules/pending/discord_spellcheck-1.zip: 17%
2023-12-12T17:39:29.525Z [Modules] Streaming discord_spellcheck@1 to /home/leint/.config/discord/0.0.37/modules/pending/discord_spellcheck-1.zip: 18%
2023-12-12T17:39:29.533Z [Modules] Streaming discord_spellcheck@1 to /home/leint/.config/discord/0.0.37/modules/pending/discord_spellcheck-1.zip: 19%
2023-12-12T17:39:29.542Z [Modules] Streaming discord_spellcheck@1 to /home/leint/.config/discord/0.0.37/modules/pending/discord_spellcheck-1.zip: 20%
2023-12-12T17:39:29.550Z [Modules] Streaming discord_spellcheck@1 to /home/leint/.config/discord/0.0.37/modules/pending/discord_spellcheck-1.zip: 21%
2023-12-12T17:39:29.562Z [Modules] Streaming discord_spellcheck@1 to /home/leint/.config/discord/0.0.37/modules/pending/discord_spellcheck-1.zip: 22%
2023-12-12T17:39:29.569Z [Modules] Streaming discord_spellcheck@1 to /home/leint/.config/discord/0.0.37/modules/pending/discord_spellcheck-1.zip: 23%
2023-12-12T17:39:29.577Z [Modules] Streaming discord_spellcheck@1 to /home/leint/.config/discord/0.0.37/modules/pending/discord_spellcheck-1.zip: 24%
2023-12-12T17:39:29.586Z [Modules] Streaming discord_spellcheck@1 to /home/leint/.config/discord/0.0.37/modules/pending/discord_spellcheck-1.zip: 25%
2023-12-12T17:39:29.594Z [Modules] Streaming discord_spellcheck@1 to /home/leint/.config/discord/0.0.37/modules/pending/discord_spellcheck-1.zip: 26%
2023-12-12T17:39:29.603Z [Modules] Streaming discord_spellcheck@1 to /home/leint/.config/discord/0.0.37/modules/pending/discord_spellcheck-1.zip: 27%
2023-12-12T17:39:29.613Z [Modules] Streaming discord_spellcheck@1 to /home/leint/.config/discord/0.0.37/modules/pending/discord_spellcheck-1.zip: 28%
2023-12-12T17:39:29.621Z [Modules] Streaming discord_spellcheck@1 to /home/leint/.config/discord/0.0.37/modules/pending/discord_spellcheck-1.zip: 29%
2023-12-12T17:39:29.630Z [Modules] Streaming discord_spellcheck@1 to /home/leint/.config/discord/0.0.37/modules/pending/discord_spellcheck-1.zip: 30%
2023-12-12T17:39:29.638Z [Modules] Streaming discord_spellcheck@1 to /home/leint/.config/discord/0.0.37/modules/pending/discord_spellcheck-1.zip: 31%
2023-12-12T17:39:29.647Z [Modules] Streaming discord_spellcheck@1 to /home/leint/.config/discord/0.0.37/modules/pending/discord_spellcheck-1.zip: 32%
2023-12-12T17:39:29.655Z [Modules] Streaming discord_spellcheck@1 to /home/leint/.config/discord/0.0.37/modules/pending/discord_spellcheck-1.zip: 33%
2023-12-12T17:39:29.665Z [Modules] Streaming discord_spellcheck@1 to /home/leint/.config/discord/0.0.37/modules/pending/discord_spellcheck-1.zip: 34%
2023-12-12T17:39:29.674Z [Modules] Streaming discord_spellcheck@1 to /home/leint/.config/discord/0.0.37/modules/pending/discord_spellcheck-1.zip: 35%
2023-12-12T17:39:29.683Z [Modules] Streaming discord_spellcheck@1 to /home/leint/.config/discord/0.0.37/modules/pending/discord_spellcheck-1.zip: 36%
2023-12-12T17:39:29.714Z [Modules] Streaming discord_spellcheck@1 to /home/leint/.config/discord/0.0.37/modules/pending/discord_spellcheck-1.zip: 37%
2023-12-12T17:39:29.723Z [Modules] Streaming discord_spellcheck@1 to /home/leint/.config/discord/0.0.37/modules/pending/discord_spellcheck-1.zip: 38%
2023-12-12T17:39:29.724Z [Modules] Streaming discord_spellcheck@1 to /home/leint/.config/discord/0.0.37/modules/pending/discord_spellcheck-1.zip: 40%
2023-12-12T17:39:29.727Z [Modules] Streaming discord_spellcheck@1 to /home/leint/.config/discord/0.0.37/modules/pending/discord_spellcheck-1.zip: 41%
2023-12-12T17:39:29.736Z [Modules] Streaming discord_spellcheck@1 to /home/leint/.config/discord/0.0.37/modules/pending/discord_spellcheck-1.zip: 42%
2023-12-12T17:39:29.744Z [Modules] Streaming discord_spellcheck@1 to /home/leint/.config/discord/0.0.37/modules/pending/discord_spellcheck-1.zip: 43%
2023-12-12T17:39:29.753Z [Modules] Streaming discord_spellcheck@1 to /home/leint/.config/discord/0.0.37/modules/pending/discord_spellcheck-1.zip: 44%
2023-12-12T17:39:29.762Z [Modules] Streaming discord_spellcheck@1 to /home/leint/.config/discord/0.0.37/modules/pending/discord_spellcheck-1.zip: 45%
2023-12-12T17:39:29.771Z [Modules] Streaming discord_spellcheck@1 to /home/leint/.config/discord/0.0.37/modules/pending/discord_spellcheck-1.zip: 46%
2023-12-12T17:39:29.779Z [Modules] Streaming discord_spellcheck@1 to /home/leint/.config/discord/0.0.37/modules/pending/discord_spellcheck-1.zip: 47%
2023-12-12T17:39:29.788Z [Modules] Streaming discord_spellcheck@1 to /home/leint/.config/discord/0.0.37/modules/pending/discord_spellcheck-1.zip: 48%
2023-12-12T17:39:29.797Z [Modules] Streaming discord_spellcheck@1 to /home/leint/.config/discord/0.0.37/modules/pending/discord_spellcheck-1.zip: 49%
2023-12-12T17:39:29.805Z [Modules] Streaming discord_spellcheck@1 to /home/leint/.config/discord/0.0.37/modules/pending/discord_spellcheck-1.zip: 50%
2023-12-12T17:39:29.815Z [Modules] Streaming discord_spellcheck@1 to /home/leint/.config/discord/0.0.37/modules/pending/discord_spellcheck-1.zip: 51%
2023-12-12T17:39:29.824Z [Modules] Streaming discord_spellcheck@1 to /home/leint/.config/discord/0.0.37/modules/pending/discord_spellcheck-1.zip: 52%
2023-12-12T17:39:29.832Z [Modules] Streaming discord_spellcheck@1 to /home/leint/.config/discord/0.0.37/modules/pending/discord_spellcheck-1.zip: 53%
2023-12-12T17:39:29.841Z [Modules] Streaming discord_spellcheck@1 to /home/leint/.config/discord/0.0.37/modules/pending/discord_spellcheck-1.zip: 54%
2023-12-12T17:39:29.849Z [Modules] Streaming discord_spellcheck@1 to /home/leint/.config/discord/0.0.37/modules/pending/discord_spellcheck-1.zip: 55%
2023-12-12T17:39:29.858Z [Modules] Streaming discord_spellcheck@1 to /home/leint/.config/discord/0.0.37/modules/pending/discord_spellcheck-1.zip: 56%
2023-12-12T17:39:29.868Z [Modules] Streaming discord_spellcheck@1 to /home/leint/.config/discord/0.0.37/modules/pending/discord_spellcheck-1.zip: 57%
2023-12-12T17:39:29.876Z [Modules] Streaming discord_spellcheck@1 to /home/leint/.config/discord/0.0.37/modules/pending/discord_spellcheck-1.zip: 58%
2023-12-12T17:39:29.885Z [Modules] Streaming discord_spellcheck@1 to /home/leint/.config/discord/0.0.37/modules/pending/discord_spellcheck-1.zip: 59%
2023-12-12T17:39:29.893Z [Modules] Streaming discord_spellcheck@1 to /home/leint/.config/discord/0.0.37/modules/pending/discord_spellcheck-1.zip: 60%
2023-12-12T17:39:29.931Z [Modules] Streaming discord_spellcheck@1 to /home/leint/.config/discord/0.0.37/modules/pending/discord_spellcheck-1.zip: 61%
2023-12-12T17:39:29.940Z [Modules] Streaming discord_spellcheck@1 to /home/leint/.config/discord/0.0.37/modules/pending/discord_spellcheck-1.zip: 62%
2023-12-12T17:39:29.943Z [Modules] Streaming discord_spellcheck@1 to /home/leint/.config/discord/0.0.37/modules/pending/discord_spellcheck-1.zip: 63%
2023-12-12T17:39:29.951Z [Modules] Streaming discord_spellcheck@1 to /home/leint/.config/discord/0.0.37/modules/pending/discord_spellcheck-1.zip: 64%
2023-12-12T17:39:29.954Z [Modules] Streaming discord_spellcheck@1 to /home/leint/.config/discord/0.0.37/modules/pending/discord_spellcheck-1.zip: 66%
2023-12-12T17:39:29.957Z [Modules] Streaming discord_spellcheck@1 to /home/leint/.config/discord/0.0.37/modules/pending/discord_spellcheck-1.zip: 67%
2023-12-12T17:39:29.967Z [Modules] Streaming discord_spellcheck@1 to /home/leint/.config/discord/0.0.37/modules/pending/discord_spellcheck-1.zip: 68%
2023-12-12T17:39:29.975Z [Modules] Streaming discord_spellcheck@1 to /home/leint/.config/discord/0.0.37/modules/pending/discord_spellcheck-1.zip: 69%
2023-12-12T17:39:29.984Z [Modules] Streaming discord_spellcheck@1 to /home/leint/.config/discord/0.0.37/modules/pending/discord_spellcheck-1.zip: 70%
2023-12-12T17:39:29.992Z [Modules] Streaming discord_spellcheck@1 to /home/leint/.config/discord/0.0.37/modules/pending/discord_spellcheck-1.zip: 71%
2023-12-12T17:39:30.001Z [Modules] Streaming discord_spellcheck@1 to /home/leint/.config/discord/0.0.37/modules/pending/discord_spellcheck-1.zip: 72%
2023-12-12T17:39:30.009Z [Modules] Streaming discord_spellcheck@1 to /home/leint/.config/discord/0.0.37/modules/pending/discord_spellcheck-1.zip: 73%
2023-12-12T17:39:30.019Z [Modules] Streaming discord_spellcheck@1 to /home/leint/.config/discord/0.0.37/modules/pending/discord_spellcheck-1.zip: 74%
2023-12-12T17:39:30.028Z [Modules] Streaming discord_spellcheck@1 to /home/leint/.config/discord/0.0.37/modules/pending/discord_spellcheck-1.zip: 75%
2023-12-12T17:39:30.036Z [Modules] Streaming discord_spellcheck@1 to /home/leint/.config/discord/0.0.37/modules/pending/discord_spellcheck-1.zip: 76%
2023-12-12T17:39:30.045Z [Modules] Streaming discord_spellcheck@1 to /home/leint/.config/discord/0.0.37/modules/pending/discord_spellcheck-1.zip: 77%
2023-12-12T17:39:30.053Z [Modules] Streaming discord_spellcheck@1 to /home/leint/.config/discord/0.0.37/modules/pending/discord_spellcheck-1.zip: 78%
2023-12-12T17:39:30.063Z [Modules] Streaming discord_spellcheck@1 to /home/leint/.config/discord/0.0.37/modules/pending/discord_spellcheck-1.zip: 79%
2023-12-12T17:39:30.072Z [Modules] Streaming discord_spellcheck@1 to /home/leint/.config/discord/0.0.37/modules/pending/discord_spellcheck-1.zip: 80%
2023-12-12T17:39:30.080Z [Modules] Streaming discord_spellcheck@1 to /home/leint/.config/discord/0.0.37/modules/pending/discord_spellcheck-1.zip: 81%
2023-12-12T17:39:30.089Z [Modules] Streaming discord_spellcheck@1 to /home/leint/.config/discord/0.0.37/modules/pending/discord_spellcheck-1.zip: 82%
2023-12-12T17:39:30.096Z [Modules] Streaming discord_spellcheck@1 to /home/leint/.config/discord/0.0.37/modules/pending/discord_spellcheck-1.zip: 83%
2023-12-12T17:39:30.106Z [Modules] Streaming discord_spellcheck@1 to /home/leint/.config/discord/0.0.37/modules/pending/discord_spellcheck-1.zip: 84%
2023-12-12T17:39:30.116Z [Modules] Streaming discord_spellcheck@1 to /home/leint/.config/discord/0.0.37/modules/pending/discord_spellcheck-1.zip: 85%
2023-12-12T17:39:30.124Z [Modules] Streaming discord_spellcheck@1 to /home/leint/.config/discord/0.0.37/modules/pending/discord_spellcheck-1.zip: 86%
2023-12-12T17:39:30.158Z [Modules] Streaming discord_spellcheck@1 to /home/leint/.config/discord/0.0.37/modules/pending/discord_spellcheck-1.zip: 87%
2023-12-12T17:39:30.165Z [Modules] Streaming discord_spellcheck@1 to /home/leint/.config/discord/0.0.37/modules/pending/discord_spellcheck-1.zip: 88%
2023-12-12T17:39:30.172Z [Modules] Streaming discord_spellcheck@1 to /home/leint/.config/discord/0.0.37/modules/pending/discord_spellcheck-1.zip: 89%
2023-12-12T17:39:30.174Z [Modules] Streaming discord_spellcheck@1 to /home/leint/.config/discord/0.0.37/modules/pending/discord_spellcheck-1.zip: 91%
2023-12-12T17:39:30.179Z [Modules] Streaming discord_spellcheck@1 to /home/leint/.config/discord/0.0.37/modules/pending/discord_spellcheck-1.zip: 92%
2023-12-12T17:39:30.188Z [Modules] Streaming discord_spellcheck@1 to /home/leint/.config/discord/0.0.37/modules/pending/discord_spellcheck-1.zip: 93%
2023-12-12T17:39:30.196Z [Modules] Streaming discord_spellcheck@1 to /home/leint/.config/discord/0.0.37/modules/pending/discord_spellcheck-1.zip: 94%
2023-12-12T17:39:30.205Z [Modules] Streaming discord_spellcheck@1 to /home/leint/.config/discord/0.0.37/modules/pending/discord_spellcheck-1.zip: 95%
2023-12-12T17:39:30.213Z [Modules] Streaming discord_spellcheck@1 to /home/leint/.config/discord/0.0.37/modules/pending/discord_spellcheck-1.zip: 96%
2023-12-12T17:39:30.223Z [Modules] Streaming discord_spellcheck@1 to /home/leint/.config/discord/0.0.37/modules/pending/discord_spellcheck-1.zip: 97%
2023-12-12T17:39:30.231Z [Modules] Streaming discord_spellcheck@1 to /home/leint/.config/discord/0.0.37/modules/pending/discord_spellcheck-1.zip: 98%
2023-12-12T17:39:30.240Z [Modules] Streaming discord_spellcheck@1 to /home/leint/.config/discord/0.0.37/modules/pending/discord_spellcheck-1.zip: 99%
2023-12-12T17:39:30.247Z [Modules] Streaming discord_spellcheck@1 to /home/leint/.config/discord/0.0.37/modules/pending/discord_spellcheck-1.zip: 100%
2023-12-12T17:39:30.249Z [Modules] Fetching discord_utils@1 from https://discord.com/api/modules/stable/discord_utils/1
2023-12-12T17:39:30.250Z [Modules] Streaming discord_utils@1 to /home/leint/.config/discord/0.0.37/modules/pending/discord_utils-1.zip
2023-12-12T17:39:30.630Z [Modules] Streaming discord_utils@1 to /home/leint/.config/discord/0.0.37/modules/pending/discord_utils-1.zip: 1%
2023-12-12T17:39:30.633Z [Modules] Streaming discord_utils@1 to /home/leint/.config/discord/0.0.37/modules/pending/discord_utils-1.zip: 2%
2023-12-12T17:39:30.636Z [Modules] Streaming discord_utils@1 to /home/leint/.config/discord/0.0.37/modules/pending/discord_utils-1.zip: 3%
2023-12-12T17:39:30.639Z [Modules] Streaming discord_utils@1 to /home/leint/.config/discord/0.0.37/modules/pending/discord_utils-1.zip: 5%
2023-12-12T17:39:30.643Z [Modules] Streaming discord_utils@1 to /home/leint/.config/discord/0.0.37/modules/pending/discord_utils-1.zip: 6%
2023-12-12T17:39:30.646Z [Modules] Streaming discord_utils@1 to /home/leint/.config/discord/0.0.37/modules/pending/discord_utils-1.zip: 7%
2023-12-12T17:39:30.649Z [Modules] Streaming discord_utils@1 to /home/leint/.config/discord/0.0.37/modules/pending/discord_utils-1.zip: 8%
2023-12-12T17:39:30.651Z [Modules] Streaming discord_utils@1 to /home/leint/.config/discord/0.0.37/modules/pending/discord_utils-1.zip: 9%
2023-12-12T17:39:30.653Z [Modules] Streaming discord_utils@1 to /home/leint/.config/discord/0.0.37/modules/pending/discord_utils-1.zip: 10%
2023-12-12T17:39:30.656Z [Modules] Streaming discord_utils@1 to /home/leint/.config/discord/0.0.37/modules/pending/discord_utils-1.zip: 11%
2023-12-12T17:39:30.659Z [Modules] Streaming discord_utils@1 to /home/leint/.config/discord/0.0.37/modules/pending/discord_utils-1.zip: 12%
2023-12-12T17:39:30.662Z [Modules] Streaming discord_utils@1 to /home/leint/.config/discord/0.0.37/modules/pending/discord_utils-1.zip: 13%
2023-12-12T17:39:30.664Z [Modules] Streaming discord_utils@1 to /home/leint/.config/discord/0.0.37/modules/pending/discord_utils-1.zip: 14%
2023-12-12T17:39:30.667Z [Modules] Streaming discord_utils@1 to /home/leint/.config/discord/0.0.37/modules/pending/discord_utils-1.zip: 15%
2023-12-12T17:39:30.670Z [Modules] Streaming discord_utils@1 to /home/leint/.config/discord/0.0.37/modules/pending/discord_utils-1.zip: 16%
2023-12-12T17:39:30.673Z [Modules] Streaming discord_utils@1 to /home/leint/.config/discord/0.0.37/modules/pending/discord_utils-1.zip: 17%
2023-12-12T17:39:30.676Z [Modules] Streaming discord_utils@1 to /home/leint/.config/discord/0.0.37/modules/pending/discord_utils-1.zip: 18%
2023-12-12T17:39:30.679Z [Modules] Streaming discord_utils@1 to /home/leint/.config/discord/0.0.37/modules/pending/discord_utils-1.zip: 19%
2023-12-12T17:39:30.681Z [Modules] Streaming discord_utils@1 to /home/leint/.config/discord/0.0.37/modules/pending/discord_utils-1.zip: 20%
2023-12-12T17:39:30.684Z [Modules] Streaming discord_utils@1 to /home/leint/.config/discord/0.0.37/modules/pending/discord_utils-1.zip: 21%
2023-12-12T17:39:30.687Z [Modules] Streaming discord_utils@1 to /home/leint/.config/discord/0.0.37/modules/pending/discord_utils-1.zip: 22%
2023-12-12T17:39:30.690Z [Modules] Streaming discord_utils@1 to /home/leint/.config/discord/0.0.37/modules/pending/discord_utils-1.zip: 23%
2023-12-12T17:39:30.693Z [Modules] Streaming discord_utils@1 to /home/leint/.config/discord/0.0.37/modules/pending/discord_utils-1.zip: 24%
2023-12-12T17:39:30.696Z [Modules] Streaming discord_utils@1 to /home/leint/.config/discord/0.0.37/modules/pending/discord_utils-1.zip: 25%
2023-12-12T17:39:30.698Z [Modules] Streaming discord_utils@1 to /home/leint/.config/discord/0.0.37/modules/pending/discord_utils-1.zip: 26%
2023-12-12T17:39:30.700Z [Modules] Streaming discord_utils@1 to /home/leint/.config/discord/0.0.37/modules/pending/discord_utils-1.zip: 27%
2023-12-12T17:39:30.703Z [Modules] Streaming discord_utils@1 to /home/leint/.config/discord/0.0.37/modules/pending/discord_utils-1.zip: 28%
2023-12-12T17:39:30.706Z [Modules] Streaming discord_utils@1 to /home/leint/.config/discord/0.0.37/modules/pending/discord_utils-1.zip: 29%
2023-12-12T17:39:30.737Z [Modules] Streaming discord_utils@1 to /home/leint/.config/discord/0.0.37/modules/pending/discord_utils-1.zip: 31%
2023-12-12T17:39:30.738Z [Modules] Streaming discord_utils@1 to /home/leint/.config/discord/0.0.37/modules/pending/discord_utils-1.zip: 32%
2023-12-12T17:39:30.744Z [Modules] Streaming discord_utils@1 to /home/leint/.config/discord/0.0.37/modules/pending/discord_utils-1.zip: 33%
2023-12-12T17:39:30.746Z [Modules] Streaming discord_utils@1 to /home/leint/.config/discord/0.0.37/modules/pending/discord_utils-1.zip: 42%
2023-12-12T17:39:30.747Z [Modules] Streaming discord_utils@1 to /home/leint/.config/discord/0.0.37/modules/pending/discord_utils-1.zip: 43%
2023-12-12T17:39:30.749Z [Modules] Streaming discord_utils@1 to /home/leint/.config/discord/0.0.37/modules/pending/discord_utils-1.zip: 44%
2023-12-12T17:39:30.752Z [Modules] Streaming discord_utils@1 to /home/leint/.config/discord/0.0.37/modules/pending/discord_utils-1.zip: 45%
2023-12-12T17:39:30.755Z [Modules] Streaming discord_utils@1 to /home/leint/.config/discord/0.0.37/modules/pending/discord_utils-1.zip: 46%
2023-12-12T17:39:30.758Z [Modules] Streaming discord_utils@1 to /home/leint/.config/discord/0.0.37/modules/pending/discord_utils-1.zip: 47%
2023-12-12T17:39:30.761Z [Modules] Streaming discord_utils@1 to /home/leint/.config/discord/0.0.37/modules/pending/discord_utils-1.zip: 48%
2023-12-12T17:39:30.764Z [Modules] Streaming discord_utils@1 to /home/leint/.config/discord/0.0.37/modules/pending/discord_utils-1.zip: 49%
2023-12-12T17:39:30.767Z [Modules] Streaming discord_utils@1 to /home/leint/.config/discord/0.0.37/modules/pending/discord_utils-1.zip: 50%
2023-12-12T17:39:30.770Z [Modules] Streaming discord_utils@1 to /home/leint/.config/discord/0.0.37/modules/pending/discord_utils-1.zip: 51%
2023-12-12T17:39:30.772Z [Modules] Streaming discord_utils@1 to /home/leint/.config/discord/0.0.37/modules/pending/discord_utils-1.zip: 52%
2023-12-12T17:39:30.774Z [Modules] Streaming discord_utils@1 to /home/leint/.config/discord/0.0.37/modules/pending/discord_utils-1.zip: 53%
2023-12-12T17:39:30.777Z [Modules] Streaming discord_utils@1 to /home/leint/.config/discord/0.0.37/modules/pending/discord_utils-1.zip: 54%
2023-12-12T17:39:30.779Z [Modules] Streaming discord_utils@1 to /home/leint/.config/discord/0.0.37/modules/pending/discord_utils-1.zip: 55%
2023-12-12T17:39:30.782Z [Modules] Streaming discord_utils@1 to /home/leint/.config/discord/0.0.37/modules/pending/discord_utils-1.zip: 56%
2023-12-12T17:39:30.785Z [Modules] Streaming discord_utils@1 to /home/leint/.config/discord/0.0.37/modules/pending/discord_utils-1.zip: 57%
2023-12-12T17:39:30.788Z [Modules] Streaming discord_utils@1 to /home/leint/.config/discord/0.0.37/modules/pending/discord_utils-1.zip: 58%
2023-12-12T17:39:30.791Z [Modules] Streaming discord_utils@1 to /home/leint/.config/discord/0.0.37/modules/pending/discord_utils-1.zip: 59%
2023-12-12T17:39:30.794Z [Modules] Streaming discord_utils@1 to /home/leint/.config/discord/0.0.37/modules/pending/discord_utils-1.zip: 60%
2023-12-12T17:39:30.796Z [Modules] Streaming discord_utils@1 to /home/leint/.config/discord/0.0.37/modules/pending/discord_utils-1.zip: 61%
2023-12-12T17:39:30.799Z [Modules] Streaming discord_utils@1 to /home/leint/.config/discord/0.0.37/modules/pending/discord_utils-1.zip: 62%
2023-12-12T17:39:30.802Z [Modules] Streaming discord_utils@1 to /home/leint/.config/discord/0.0.37/modules/pending/discord_utils-1.zip: 63%
2023-12-12T17:39:30.805Z [Modules] Streaming discord_utils@1 to /home/leint/.config/discord/0.0.37/modules/pending/discord_utils-1.zip: 64%
2023-12-12T17:39:30.808Z [Modules] Streaming discord_utils@1 to /home/leint/.config/discord/0.0.37/modules/pending/discord_utils-1.zip: 65%
2023-12-12T17:39:30.811Z [Modules] Streaming discord_utils@1 to /home/leint/.config/discord/0.0.37/modules/pending/discord_utils-1.zip: 66%
2023-12-12T17:39:30.813Z [Modules] Streaming discord_utils@1 to /home/leint/.config/discord/0.0.37/modules/pending/discord_utils-1.zip: 67%
2023-12-12T17:39:30.816Z [Modules] Streaming discord_utils@1 to /home/leint/.config/discord/0.0.37/modules/pending/discord_utils-1.zip: 68%
2023-12-12T17:39:30.819Z [Modules] Streaming discord_utils@1 to /home/leint/.config/discord/0.0.37/modules/pending/discord_utils-1.zip: 69%
2023-12-12T17:39:30.822Z [Modules] Streaming discord_utils@1 to /home/leint/.config/discord/0.0.37/modules/pending/discord_utils-1.zip: 70%
2023-12-12T17:39:30.825Z [Modules] Streaming discord_utils@1 to /home/leint/.config/discord/0.0.37/modules/pending/discord_utils-1.zip: 71%
2023-12-12T17:39:30.828Z [Modules] Streaming discord_utils@1 to /home/leint/.config/discord/0.0.37/modules/pending/discord_utils-1.zip: 72%
2023-12-12T17:39:30.830Z [Modules] Streaming discord_utils@1 to /home/leint/.config/discord/0.0.37/modules/pending/discord_utils-1.zip: 73%
2023-12-12T17:39:30.833Z [Modules] Streaming discord_utils@1 to /home/leint/.config/discord/0.0.37/modules/pending/discord_utils-1.zip: 74%
2023-12-12T17:39:30.836Z [Modules] Streaming discord_utils@1 to /home/leint/.config/discord/0.0.37/modules/pending/discord_utils-1.zip: 75%
2023-12-12T17:39:30.839Z [Modules] Streaming discord_utils@1 to /home/leint/.config/discord/0.0.37/modules/pending/discord_utils-1.zip: 76%
2023-12-12T17:39:30.842Z [Modules] Streaming discord_utils@1 to /home/leint/.config/discord/0.0.37/modules/pending/discord_utils-1.zip: 77%
2023-12-12T17:39:30.843Z [Modules] Streaming discord_utils@1 to /home/leint/.config/discord/0.0.37/modules/pending/discord_utils-1.zip: 78%
2023-12-12T17:39:30.846Z [Modules] Streaming discord_utils@1 to /home/leint/.config/discord/0.0.37/modules/pending/discord_utils-1.zip: 79%
2023-12-12T17:39:30.849Z [Modules] Streaming discord_utils@1 to /home/leint/.config/discord/0.0.37/modules/pending/discord_utils-1.zip: 80%
2023-12-12T17:39:30.852Z [Modules] Streaming discord_utils@1 to /home/leint/.config/discord/0.0.37/modules/pending/discord_utils-1.zip: 81%
2023-12-12T17:39:30.855Z [Modules] Streaming discord_utils@1 to /home/leint/.config/discord/0.0.37/modules/pending/discord_utils-1.zip: 82%
2023-12-12T17:39:30.857Z [Modules] Streaming discord_utils@1 to /home/leint/.config/discord/0.0.37/modules/pending/discord_utils-1.zip: 83%
2023-12-12T17:39:30.860Z [Modules] Streaming discord_utils@1 to /home/leint/.config/discord/0.0.37/modules/pending/discord_utils-1.zip: 84%
2023-12-12T17:39:30.863Z [Modules] Streaming discord_utils@1 to /home/leint/.config/discord/0.0.37/modules/pending/discord_utils-1.zip: 85%
2023-12-12T17:39:30.866Z [Modules] Streaming discord_utils@1 to /home/leint/.config/discord/0.0.37/modules/pending/discord_utils-1.zip: 86%
2023-12-12T17:39:30.869Z [Modules] Streaming discord_utils@1 to /home/leint/.config/discord/0.0.37/modules/pending/discord_utils-1.zip: 87%
2023-12-12T17:39:30.872Z [Modules] Streaming discord_utils@1 to /home/leint/.config/discord/0.0.37/modules/pending/discord_utils-1.zip: 88%
2023-12-12T17:39:30.874Z [Modules] Streaming discord_utils@1 to /home/leint/.config/discord/0.0.37/modules/pending/discord_utils-1.zip: 89%
2023-12-12T17:39:30.877Z [Modules] Streaming discord_utils@1 to /home/leint/.config/discord/0.0.37/modules/pending/discord_utils-1.zip: 90%
2023-12-12T17:39:30.880Z [Modules] Streaming discord_utils@1 to /home/leint/.config/discord/0.0.37/modules/pending/discord_utils-1.zip: 91%
2023-12-12T17:39:30.883Z [Modules] Streaming discord_utils@1 to /home/leint/.config/discord/0.0.37/modules/pending/discord_utils-1.zip: 92%
2023-12-12T17:39:30.886Z [Modules] Streaming discord_utils@1 to /home/leint/.config/discord/0.0.37/modules/pending/discord_utils-1.zip: 93%
2023-12-12T17:39:30.889Z [Modules] Streaming discord_utils@1 to /home/leint/.config/discord/0.0.37/modules/pending/discord_utils-1.zip: 94%
2023-12-12T17:39:30.891Z [Modules] Streaming discord_utils@1 to /home/leint/.config/discord/0.0.37/modules/pending/discord_utils-1.zip: 95%
2023-12-12T17:39:30.894Z [Modules] Streaming discord_utils@1 to /home/leint/.config/discord/0.0.37/modules/pending/discord_utils-1.zip: 96%
2023-12-12T17:39:30.897Z [Modules] Streaming discord_utils@1 to /home/leint/.config/discord/0.0.37/modules/pending/discord_utils-1.zip: 97%
2023-12-12T17:39:30.900Z [Modules] Streaming discord_utils@1 to /home/leint/.config/discord/0.0.37/modules/pending/discord_utils-1.zip: 98%
2023-12-12T17:39:30.903Z [Modules] Streaming discord_utils@1 to /home/leint/.config/discord/0.0.37/modules/pending/discord_utils-1.zip: 99%
2023-12-12T17:39:30.903Z [Modules] Streaming discord_utils@1 to /home/leint/.config/discord/0.0.37/modules/pending/discord_utils-1.zip: 100%
2023-12-12T17:39:30.905Z [Modules] Fetching discord_voice@1 from https://discord.com/api/modules/stable/discord_voice/1
2023-12-12T17:39:30.905Z [Modules] Streaming discord_voice@1 to /home/leint/.config/discord/0.0.37/modules/pending/discord_voice-1.zip
2023-12-12T17:39:31.241Z [Modules] Streaming discord_voice@1 to /home/leint/.config/discord/0.0.37/modules/pending/discord_voice-1.zip: 1%
2023-12-12T17:39:31.262Z [Modules] Streaming discord_voice@1 to /home/leint/.config/discord/0.0.37/modules/pending/discord_voice-1.zip: 2%
2023-12-12T17:39:31.313Z [Modules] Streaming discord_voice@1 to /home/leint/.config/discord/0.0.37/modules/pending/discord_voice-1.zip: 3%
2023-12-12T17:39:31.315Z [Modules] Streaming discord_voice@1 to /home/leint/.config/discord/0.0.37/modules/pending/discord_voice-1.zip: 4%
2023-12-12T17:39:31.329Z [Modules] Streaming discord_voice@1 to /home/leint/.config/discord/0.0.37/modules/pending/discord_voice-1.zip: 5%
2023-12-12T17:39:31.351Z [Modules] Streaming discord_voice@1 to /home/leint/.config/discord/0.0.37/modules/pending/discord_voice-1.zip: 6%
2023-12-12T17:39:31.372Z [Modules] Streaming discord_voice@1 to /home/leint/.config/discord/0.0.37/modules/pending/discord_voice-1.zip: 7%
2023-12-12T17:39:31.394Z [Modules] Streaming discord_voice@1 to /home/leint/.config/discord/0.0.37/modules/pending/discord_voice-1.zip: 8%
2023-12-12T17:39:31.416Z [Modules] Streaming discord_voice@1 to /home/leint/.config/discord/0.0.37/modules/pending/discord_voice-1.zip: 9%
2023-12-12T17:39:31.470Z [Modules] Streaming discord_voice@1 to /home/leint/.config/discord/0.0.37/modules/pending/discord_voice-1.zip: 10%
2023-12-12T17:39:31.471Z [Modules] Streaming discord_voice@1 to /home/leint/.config/discord/0.0.37/modules/pending/discord_voice-1.zip: 11%
2023-12-12T17:39:31.502Z [Modules] Streaming discord_voice@1 to /home/leint/.config/discord/0.0.37/modules/pending/discord_voice-1.zip: 12%
2023-12-12T17:39:31.503Z [Modules] Streaming discord_voice@1 to /home/leint/.config/discord/0.0.37/modules/pending/discord_voice-1.zip: 13%
2023-12-12T17:39:31.547Z [Modules] Streaming discord_voice@1 to /home/leint/.config/discord/0.0.37/modules/pending/discord_voice-1.zip: 14%
2023-12-12T17:39:31.548Z [Modules] Streaming discord_voice@1 to /home/leint/.config/discord/0.0.37/modules/pending/discord_voice-1.zip: 15%
2023-12-12T17:39:31.568Z [Modules] Streaming discord_voice@1 to /home/leint/.config/discord/0.0.37/modules/pending/discord_voice-1.zip: 16%
2023-12-12T17:39:31.591Z [Modules] Streaming discord_voice@1 to /home/leint/.config/discord/0.0.37/modules/pending/discord_voice-1.zip: 17%
2023-12-12T17:39:31.612Z [Modules] Streaming discord_voice@1 to /home/leint/.config/discord/0.0.37/modules/pending/discord_voice-1.zip: 18%
2023-12-12T17:39:31.634Z [Modules] Streaming discord_voice@1 to /home/leint/.config/discord/0.0.37/modules/pending/discord_voice-1.zip: 19%
2023-12-12T17:39:31.656Z [Modules] Streaming discord_voice@1 to /home/leint/.config/discord/0.0.37/modules/pending/discord_voice-1.zip: 20%
2023-12-12T17:39:31.734Z [Modules] Streaming discord_voice@1 to /home/leint/.config/discord/0.0.37/modules/pending/discord_voice-1.zip: 21%
2023-12-12T17:39:31.737Z [Modules] Streaming discord_voice@1 to /home/leint/.config/discord/0.0.37/modules/pending/discord_voice-1.zip: 22%
2023-12-12T17:39:31.739Z [Modules] Streaming discord_voice@1 to /home/leint/.config/discord/0.0.37/modules/pending/discord_voice-1.zip: 23%
2023-12-12T17:39:31.769Z [Modules] Streaming discord_voice@1 to /home/leint/.config/discord/0.0.37/modules/pending/discord_voice-1.zip: 24%
2023-12-12T17:39:31.779Z [Modules] Streaming discord_voice@1 to /home/leint/.config/discord/0.0.37/modules/pending/discord_voice-1.zip: 25%
2023-12-12T17:39:31.787Z [Modules] Streaming discord_voice@1 to /home/leint/.config/discord/0.0.37/modules/pending/discord_voice-1.zip: 26%
2023-12-12T17:39:31.808Z [Modules] Streaming discord_voice@1 to /home/leint/.config/discord/0.0.37/modules/pending/discord_voice-1.zip: 27%
2023-12-12T17:39:31.831Z [Modules] Streaming discord_voice@1 to /home/leint/.config/discord/0.0.37/modules/pending/discord_voice-1.zip: 28%
2023-12-12T17:39:31.852Z [Modules] Streaming discord_voice@1 to /home/leint/.config/discord/0.0.37/modules/pending/discord_voice-1.zip: 29%
2023-12-12T17:39:31.874Z [Modules] Streaming discord_voice@1 to /home/leint/.config/discord/0.0.37/modules/pending/discord_voice-1.zip: 30%
2023-12-12T17:39:31.896Z [Modules] Streaming discord_voice@1 to /home/leint/.config/discord/0.0.37/modules/pending/discord_voice-1.zip: 31%
2023-12-12T17:39:31.945Z [Modules] Streaming discord_voice@1 to /home/leint/.config/discord/0.0.37/modules/pending/discord_voice-1.zip: 32%
2023-12-12T17:39:31.946Z [Modules] Streaming discord_voice@1 to /home/leint/.config/discord/0.0.37/modules/pending/discord_voice-1.zip: 33%
2023-12-12T17:39:31.962Z [Modules] Streaming discord_voice@1 to /home/leint/.config/discord/0.0.37/modules/pending/discord_voice-1.zip: 34%
2023-12-12T17:39:32.011Z [Modules] Streaming discord_voice@1 to /home/leint/.config/discord/0.0.37/modules/pending/discord_voice-1.zip: 35%
2023-12-12T17:39:32.027Z [Modules] Streaming discord_voice@1 to /home/leint/.config/discord/0.0.37/modules/pending/discord_voice-1.zip: 36%
2023-12-12T17:39:32.029Z [Modules] Streaming discord_voice@1 to /home/leint/.config/discord/0.0.37/modules/pending/discord_voice-1.zip: 37%
2023-12-12T17:39:32.050Z [Modules] Streaming discord_voice@1 to /home/leint/.config/discord/0.0.37/modules/pending/discord_voice-1.zip: 38%
2023-12-12T17:39:32.073Z [Modules] Streaming discord_voice@1 to /home/leint/.config/discord/0.0.37/modules/pending/discord_voice-1.zip: 39%
2023-12-12T17:39:32.095Z [Modules] Streaming discord_voice@1 to /home/leint/.config/discord/0.0.37/modules/pending/discord_voice-1.zip: 40%
2023-12-12T17:39:32.116Z [Modules] Streaming discord_voice@1 to /home/leint/.config/discord/0.0.37/modules/pending/discord_voice-1.zip: 41%
2023-12-12T17:39:32.139Z [Modules] Streaming discord_voice@1 to /home/leint/.config/discord/0.0.37/modules/pending/discord_voice-1.zip: 42%
2023-12-12T17:39:32.164Z [Modules] Streaming discord_voice@1 to /home/leint/.config/discord/0.0.37/modules/pending/discord_voice-1.zip: 43%
2023-12-12T17:39:32.186Z [Modules] Streaming discord_voice@1 to /home/leint/.config/discord/0.0.37/modules/pending/discord_voice-1.zip: 44%
2023-12-12T17:39:32.208Z [Modules] Streaming discord_voice@1 to /home/leint/.config/discord/0.0.37/modules/pending/discord_voice-1.zip: 45%
2023-12-12T17:39:32.254Z [Modules] Streaming discord_voice@1 to /home/leint/.config/discord/0.0.37/modules/pending/discord_voice-1.zip: 46%
2023-12-12T17:39:32.255Z [Modules] Streaming discord_voice@1 to /home/leint/.config/discord/0.0.37/modules/pending/discord_voice-1.zip: 47%
2023-12-12T17:39:32.276Z [Modules] Streaming discord_voice@1 to /home/leint/.config/discord/0.0.37/modules/pending/discord_voice-1.zip: 48%
2023-12-12T17:39:32.297Z [Modules] Streaming discord_voice@1 to /home/leint/.config/discord/0.0.37/modules/pending/discord_voice-1.zip: 49%
2023-12-12T17:39:32.318Z [Modules] Streaming discord_voice@1 to /home/leint/.config/discord/0.0.37/modules/pending/discord_voice-1.zip: 50%
2023-12-12T17:39:32.341Z [Modules] Streaming discord_voice@1 to /home/leint/.config/discord/0.0.37/modules/pending/discord_voice-1.zip: 51%
2023-12-12T17:39:32.362Z [Modules] Streaming discord_voice@1 to /home/leint/.config/discord/0.0.37/modules/pending/discord_voice-1.zip: 52%
2023-12-12T17:39:32.385Z [Modules] Streaming discord_voice@1 to /home/leint/.config/discord/0.0.37/modules/pending/discord_voice-1.zip: 53%
2023-12-12T17:39:32.407Z [Modules] Streaming discord_voice@1 to /home/leint/.config/discord/0.0.37/modules/pending/discord_voice-1.zip: 54%
2023-12-12T17:39:32.428Z [Modules] Streaming discord_voice@1 to /home/leint/.config/discord/0.0.37/modules/pending/discord_voice-1.zip: 55%
2023-12-12T17:39:32.481Z [Modules] Streaming discord_voice@1 to /home/leint/.config/discord/0.0.37/modules/pending/discord_voice-1.zip: 56%
2023-12-12T17:39:32.489Z [Modules] Streaming discord_voice@1 to /home/leint/.config/discord/0.0.37/modules/pending/discord_voice-1.zip: 57%
2023-12-12T17:39:32.495Z [Modules] Streaming discord_voice@1 to /home/leint/.config/discord/0.0.37/modules/pending/discord_voice-1.zip: 58%
2023-12-12T17:39:32.521Z [Modules] Streaming discord_voice@1 to /home/leint/.config/discord/0.0.37/modules/pending/discord_voice-1.zip: 59%
2023-12-12T17:39:32.541Z [Modules] Streaming discord_voice@1 to /home/leint/.config/discord/0.0.37/modules/pending/discord_voice-1.zip: 60%
2023-12-12T17:39:32.562Z [Modules] Streaming discord_voice@1 to /home/leint/.config/discord/0.0.37/modules/pending/discord_voice-1.zip: 61%
2023-12-12T17:39:32.585Z [Modules] Streaming discord_voice@1 to /home/leint/.config/discord/0.0.37/modules/pending/discord_voice-1.zip: 62%
2023-12-12T17:39:32.606Z [Modules] Streaming discord_voice@1 to /home/leint/.config/discord/0.0.37/modules/pending/discord_voice-1.zip: 63%
2023-12-12T17:39:32.627Z [Modules] Streaming discord_voice@1 to /home/leint/.config/discord/0.0.37/modules/pending/discord_voice-1.zip: 64%
2023-12-12T17:39:32.650Z [Modules] Streaming discord_voice@1 to /home/leint/.config/discord/0.0.37/modules/pending/discord_voice-1.zip: 65%
2023-12-12T17:39:32.672Z [Modules] Streaming discord_voice@1 to /home/leint/.config/discord/0.0.37/modules/pending/discord_voice-1.zip: 66%
2023-12-12T17:39:32.711Z [Modules] Streaming discord_voice@1 to /home/leint/.config/discord/0.0.37/modules/pending/discord_voice-1.zip: 67%
2023-12-12T17:39:32.716Z [Modules] Streaming discord_voice@1 to /home/leint/.config/discord/0.0.37/modules/pending/discord_voice-1.zip: 68%
2023-12-12T17:39:32.738Z [Modules] Streaming discord_voice@1 to /home/leint/.config/discord/0.0.37/modules/pending/discord_voice-1.zip: 69%
2023-12-12T17:39:32.760Z [Modules] Streaming discord_voice@1 to /home/leint/.config/discord/0.0.37/modules/pending/discord_voice-1.zip: 70%
2023-12-12T17:39:32.782Z [Modules] Streaming discord_voice@1 to /home/leint/.config/discord/0.0.37/modules/pending/discord_voice-1.zip: 71%
2023-12-12T17:39:32.803Z [Modules] Streaming discord_voice@1 to /home/leint/.config/discord/0.0.37/modules/pending/discord_voice-1.zip: 72%
2023-12-12T17:39:32.826Z [Modules] Streaming discord_voice@1 to /home/leint/.config/discord/0.0.37/modules/pending/discord_voice-1.zip: 73%
2023-12-12T17:39:32.847Z [Modules] Streaming discord_voice@1 to /home/leint/.config/discord/0.0.37/modules/pending/discord_voice-1.zip: 74%
2023-12-12T17:39:32.868Z [Modules] Streaming discord_voice@1 to /home/leint/.config/discord/0.0.37/modules/pending/discord_voice-1.zip: 75%
2023-12-12T17:39:32.919Z [Modules] Streaming discord_voice@1 to /home/leint/.config/discord/0.0.37/modules/pending/discord_voice-1.zip: 76%
2023-12-12T17:39:32.936Z [Modules] Streaming discord_voice@1 to /home/leint/.config/discord/0.0.37/modules/pending/discord_voice-1.zip: 77%
2023-12-12T17:39:32.938Z [Modules] Streaming discord_voice@1 to /home/leint/.config/discord/0.0.37/modules/pending/discord_voice-1.zip: 78%
2023-12-12T17:39:32.958Z [Modules] Streaming discord_voice@1 to /home/leint/.config/discord/0.0.37/modules/pending/discord_voice-1.zip: 79%
2023-12-12T17:39:32.980Z [Modules] Streaming discord_voice@1 to /home/leint/.config/discord/0.0.37/modules/pending/discord_voice-1.zip: 80%
2023-12-12T17:39:33.002Z [Modules] Streaming discord_voice@1 to /home/leint/.config/discord/0.0.37/modules/pending/discord_voice-1.zip: 81%
2023-12-12T17:39:33.024Z [Modules] Streaming discord_voice@1 to /home/leint/.config/discord/0.0.37/modules/pending/discord_voice-1.zip: 82%
2023-12-12T17:39:33.045Z [Modules] Streaming discord_voice@1 to /home/leint/.config/discord/0.0.37/modules/pending/discord_voice-1.zip: 83%
2023-12-12T17:39:33.068Z [Modules] Streaming discord_voice@1 to /home/leint/.config/discord/0.0.37/modules/pending/discord_voice-1.zip: 84%
2023-12-12T17:39:33.089Z [Modules] Streaming discord_voice@1 to /home/leint/.config/discord/0.0.37/modules/pending/discord_voice-1.zip: 85%
2023-12-12T17:39:33.110Z [Modules] Streaming discord_voice@1 to /home/leint/.config/discord/0.0.37/modules/pending/discord_voice-1.zip: 86%
2023-12-12T17:39:33.153Z [Modules] Streaming discord_voice@1 to /home/leint/.config/discord/0.0.37/modules/pending/discord_voice-1.zip: 87%
2023-12-12T17:39:33.162Z [Modules] Streaming discord_voice@1 to /home/leint/.config/discord/0.0.37/modules/pending/discord_voice-1.zip: 88%
2023-12-12T17:39:33.178Z [Modules] Streaming discord_voice@1 to /home/leint/.config/discord/0.0.37/modules/pending/discord_voice-1.zip: 89%
2023-12-12T17:39:33.200Z [Modules] Streaming discord_voice@1 to /home/leint/.config/discord/0.0.37/modules/pending/discord_voice-1.zip: 90%
2023-12-12T17:39:33.222Z [Modules] Streaming discord_voice@1 to /home/leint/.config/discord/0.0.37/modules/pending/discord_voice-1.zip: 91%
2023-12-12T17:39:33.243Z [Modules] Streaming discord_voice@1 to /home/leint/.config/discord/0.0.37/modules/pending/discord_voice-1.zip: 92%
2023-12-12T17:39:33.266Z [Modules] Streaming discord_voice@1 to /home/leint/.config/discord/0.0.37/modules/pending/discord_voice-1.zip: 93%
2023-12-12T17:39:33.287Z [Modules] Streaming discord_voice@1 to /home/leint/.config/discord/0.0.37/modules/pending/discord_voice-1.zip: 94%
2023-12-12T17:39:33.310Z [Modules] Streaming discord_voice@1 to /home/leint/.config/discord/0.0.37/modules/pending/discord_voice-1.zip: 95%
2023-12-12T17:39:33.331Z [Modules] Streaming discord_voice@1 to /home/leint/.config/discord/0.0.37/modules/pending/discord_voice-1.zip: 96%
2023-12-12T17:39:33.384Z [Modules] Streaming discord_voice@1 to /home/leint/.config/discord/0.0.37/modules/pending/discord_voice-1.zip: 97%
2023-12-12T17:39:33.390Z [Modules] Streaming discord_voice@1 to /home/leint/.config/discord/0.0.37/modules/pending/discord_voice-1.zip: 98%
2023-12-12T17:39:33.398Z [Modules] Streaming discord_voice@1 to /home/leint/.config/discord/0.0.37/modules/pending/discord_voice-1.zip: 99%
2023-12-12T17:39:33.419Z [Modules] Streaming discord_voice@1 to /home/leint/.config/discord/0.0.37/modules/pending/discord_voice-1.zip: 100%
2023-12-12T17:39:33.420Z [Modules] Finished module downloads. [success: 5] [failure: 0]
2023-12-12T17:39:33.420Z [Modules] Installing updates...
2023-12-12T17:39:33.420Z [Modules] Installing discord_desktop_core@1 from /home/leint/.config/discord/0.0.37/modules/pending/discord_desktop_core-1.zip
2023-12-12T17:39:33.499Z [Modules] Installing discord_erlpack@1 from /home/leint/.config/discord/0.0.37/modules/pending/discord_erlpack-1.zip
2023-12-12T17:39:33.570Z [Modules] Installing discord_spellcheck@1 from /home/leint/.config/discord/0.0.37/modules/pending/discord_spellcheck-1.zip
2023-12-12T17:39:34.431Z [Modules] Installing discord_utils@1 from /home/leint/.config/discord/0.0.37/modules/pending/discord_utils-1.zip
2023-12-12T17:39:34.652Z [Modules] Installing discord_voice@1 from /home/leint/.config/discord/0.0.37/modules/pending/discord_voice-1.zip
2023-12-12T17:39:35.388Z [Modules] Finished module installations. [success: 5] [failure: 0]
2023-12-12T17:39:35.388Z [Modules] Checking for host updates.
2023-12-12T17:39:35.667Z [Modules] Host is up to date.
2023-12-12T17:39:35.667Z [Modules] Checking for module updates at https://discord.com/api/modules/stable/versions.json
2023-12-12T17:39:35.677Z [Modules] No module updates available.
2023-12-12T17:39:37.315Z [Modules] Starting to install discord_krisp...
2023-12-12T17:39:37.315Z [Modules] Fetching discord_krisp@1 from https://discord.com/api/modules/stable/discord_krisp/1
2023-12-12T17:39:37.315Z [Modules] Streaming discord_krisp@1 to /home/leint/.config/discord/0.0.37/modules/pending/discord_krisp-1.zip
2023-12-12T17:39:37.323Z [Modules] Starting to install discord_game_utils...
2023-12-12T17:39:37.686Z [Modules] Streaming discord_krisp@1 to /home/leint/.config/discord/0.0.37/modules/pending/discord_krisp-1.zip: 1%
2023-12-12T17:39:37.744Z [Modules] Streaming discord_krisp@1 to /home/leint/.config/discord/0.0.37/modules/pending/discord_krisp-1.zip: 2%
2023-12-12T17:39:37.789Z [Modules] Streaming discord_krisp@1 to /home/leint/.config/discord/0.0.37/modules/pending/discord_krisp-1.zip: 3%
2023-12-12T17:39:37.801Z [Modules] Streaming discord_krisp@1 to /home/leint/.config/discord/0.0.37/modules/pending/discord_krisp-1.zip: 4%
2023-12-12T17:39:37.816Z [Modules] Streaming discord_krisp@1 to /home/leint/.config/discord/0.0.37/modules/pending/discord_krisp-1.zip: 5%
2023-12-12T17:39:37.817Z [Modules] Streaming discord_krisp@1 to /home/leint/.config/discord/0.0.37/modules/pending/discord_krisp-1.zip: 6%
2023-12-12T17:39:37.919Z [Modules] Streaming discord_krisp@1 to /home/leint/.config/discord/0.0.37/modules/pending/discord_krisp-1.zip: 7%
2023-12-12T17:39:37.921Z [Modules] Streaming discord_krisp@1 to /home/leint/.config/discord/0.0.37/modules/pending/discord_krisp-1.zip: 8%
2023-12-12T17:39:37.922Z [Modules] Streaming discord_krisp@1 to /home/leint/.config/discord/0.0.37/modules/pending/discord_krisp-1.zip: 9%
2023-12-12T17:39:37.923Z [Modules] Streaming discord_krisp@1 to /home/leint/.config/discord/0.0.37/modules/pending/discord_krisp-1.zip: 10%
2023-12-12T17:39:37.943Z [Modules] Streaming discord_krisp@1 to /home/leint/.config/discord/0.0.37/modules/pending/discord_krisp-1.zip: 11%
2023-12-12T17:39:38.022Z [Modules] Streaming discord_krisp@1 to /home/leint/.config/discord/0.0.37/modules/pending/discord_krisp-1.zip: 12%
2023-12-12T17:39:38.022Z [Modules] Streaming discord_krisp@1 to /home/leint/.config/discord/0.0.37/modules/pending/discord_krisp-1.zip: 13%
2023-12-12T17:39:38.024Z [Modules] Streaming discord_krisp@1 to /home/leint/.config/discord/0.0.37/modules/pending/discord_krisp-1.zip: 14%
2023-12-12T17:39:38.027Z [Modules] Streaming discord_krisp@1 to /home/leint/.config/discord/0.0.37/modules/pending/discord_krisp-1.zip: 15%
2023-12-12T17:39:38.034Z [Modules] Streaming discord_krisp@1 to /home/leint/.config/discord/0.0.37/modules/pending/discord_krisp-1.zip: 16%
2023-12-12T17:39:38.051Z [Modules] Streaming discord_krisp@1 to /home/leint/.config/discord/0.0.37/modules/pending/discord_krisp-1.zip: 17%
2023-12-12T17:39:38.075Z [Modules] Streaming discord_krisp@1 to /home/leint/.config/discord/0.0.37/modules/pending/discord_krisp-1.zip: 18%
2023-12-12T17:39:38.094Z [Modules] Streaming discord_krisp@1 to /home/leint/.config/discord/0.0.37/modules/pending/discord_krisp-1.zip: 19%
2023-12-12T17:39:38.134Z [Modules] Streaming discord_krisp@1 to /home/leint/.config/discord/0.0.37/modules/pending/discord_krisp-1.zip: 20%
2023-12-12T17:39:38.164Z [Modules] Streaming discord_krisp@1 to /home/leint/.config/discord/0.0.37/modules/pending/discord_krisp-1.zip: 21%
2023-12-12T17:39:38.165Z [Modules] Streaming discord_krisp@1 to /home/leint/.config/discord/0.0.37/modules/pending/discord_krisp-1.zip: 22%
2023-12-12T17:39:38.212Z [Modules] Streaming discord_krisp@1 to /home/leint/.config/discord/0.0.37/modules/pending/discord_krisp-1.zip: 23%
2023-12-12T17:39:38.214Z [Modules] Streaming discord_krisp@1 to /home/leint/.config/discord/0.0.37/modules/pending/discord_krisp-1.zip: 24%
2023-12-12T17:39:38.250Z [Modules] Streaming discord_krisp@1 to /home/leint/.config/discord/0.0.37/modules/pending/discord_krisp-1.zip: 25%
2023-12-12T17:39:38.252Z [Modules] Streaming discord_krisp@1 to /home/leint/.config/discord/0.0.37/modules/pending/discord_krisp-1.zip: 26%
2023-12-12T17:39:38.266Z [Modules] Streaming discord_krisp@1 to /home/leint/.config/discord/0.0.37/modules/pending/discord_krisp-1.zip: 27%
2023-12-12T17:39:38.287Z [Modules] Streaming discord_krisp@1 to /home/leint/.config/discord/0.0.37/modules/pending/discord_krisp-1.zip: 28%
2023-12-12T17:39:38.309Z [Modules] Streaming discord_krisp@1 to /home/leint/.config/discord/0.0.37/modules/pending/discord_krisp-1.zip: 29%
2023-12-12T17:39:38.356Z [Modules] Streaming discord_krisp@1 to /home/leint/.config/discord/0.0.37/modules/pending/discord_krisp-1.zip: 30%
2023-12-12T17:39:38.382Z [Modules] Streaming discord_krisp@1 to /home/leint/.config/discord/0.0.37/modules/pending/discord_krisp-1.zip: 31%
2023-12-12T17:39:38.382Z [Modules] Streaming discord_krisp@1 to /home/leint/.config/discord/0.0.37/modules/pending/discord_krisp-1.zip: 32%
2023-12-12T17:39:38.396Z [Modules] Streaming discord_krisp@1 to /home/leint/.config/discord/0.0.37/modules/pending/discord_krisp-1.zip: 33%
2023-12-12T17:39:38.418Z [Modules] Streaming discord_krisp@1 to /home/leint/.config/discord/0.0.37/modules/pending/discord_krisp-1.zip: 34%
2023-12-12T17:39:38.464Z [Modules] Streaming discord_krisp@1 to /home/leint/.config/discord/0.0.37/modules/pending/discord_krisp-1.zip: 35%
2023-12-12T17:39:38.478Z [Modules] Streaming discord_krisp@1 to /home/leint/.config/discord/0.0.37/modules/pending/discord_krisp-1.zip: 36%
2023-12-12T17:39:38.485Z [Modules] Streaming discord_krisp@1 to /home/leint/.config/discord/0.0.37/modules/pending/discord_krisp-1.zip: 37%
2023-12-12T17:39:38.506Z [Modules] Streaming discord_krisp@1 to /home/leint/.config/discord/0.0.37/modules/pending/discord_krisp-1.zip: 38%
2023-12-12T17:39:38.528Z [Modules] Streaming discord_krisp@1 to /home/leint/.config/discord/0.0.37/modules/pending/discord_krisp-1.zip: 39%
2023-12-12T17:39:38.549Z [Modules] Streaming discord_krisp@1 to /home/leint/.config/discord/0.0.37/modules/pending/discord_krisp-1.zip: 40%
2023-12-12T17:39:38.572Z [Modules] Streaming discord_krisp@1 to /home/leint/.config/discord/0.0.37/modules/pending/discord_krisp-1.zip: 41%
2023-12-12T17:39:38.610Z [Modules] Streaming discord_krisp@1 to /home/leint/.config/discord/0.0.37/modules/pending/discord_krisp-1.zip: 42%
2023-12-12T17:39:38.635Z [Modules] Streaming discord_krisp@1 to /home/leint/.config/discord/0.0.37/modules/pending/discord_krisp-1.zip: 43%
2023-12-12T17:39:38.638Z [Modules] Streaming discord_krisp@1 to /home/leint/.config/discord/0.0.37/modules/pending/discord_krisp-1.zip: 44%
2023-12-12T17:39:38.660Z [Modules] Streaming discord_krisp@1 to /home/leint/.config/discord/0.0.37/modules/pending/discord_krisp-1.zip: 45%
2023-12-12T17:39:38.705Z [Modules] Streaming discord_krisp@1 to /home/leint/.config/discord/0.0.37/modules/pending/discord_krisp-1.zip: 46%
2023-12-12T17:39:38.705Z [Modules] Streaming discord_krisp@1 to /home/leint/.config/discord/0.0.37/modules/pending/discord_krisp-1.zip: 47%
2023-12-12T17:39:38.724Z [Modules] Streaming discord_krisp@1 to /home/leint/.config/discord/0.0.37/modules/pending/discord_krisp-1.zip: 48%
2023-12-12T17:39:38.743Z [Modules] Streaming discord_krisp@1 to /home/leint/.config/discord/0.0.37/modules/pending/discord_krisp-1.zip: 49%
2023-12-12T17:39:38.764Z [Modules] Streaming discord_krisp@1 to /home/leint/.config/discord/0.0.37/modules/pending/discord_krisp-1.zip: 50%
2023-12-12T17:39:38.784Z [Modules] Streaming discord_krisp@1 to /home/leint/.config/discord/0.0.37/modules/pending/discord_krisp-1.zip: 51%
2023-12-12T17:39:38.805Z [Modules] Streaming discord_krisp@1 to /home/leint/.config/discord/0.0.37/modules/pending/discord_krisp-1.zip: 52%
2023-12-12T17:39:38.826Z [Modules] Streaming discord_krisp@1 to /home/leint/.config/discord/0.0.37/modules/pending/discord_krisp-1.zip: 53%
2023-12-12T17:39:38.846Z [Modules] Streaming discord_krisp@1 to /home/leint/.config/discord/0.0.37/modules/pending/discord_krisp-1.zip: 54%
2023-12-12T17:39:38.867Z [Modules] Streaming discord_krisp@1 to /home/leint/.config/discord/0.0.37/modules/pending/discord_krisp-1.zip: 55%
2023-12-12T17:39:38.874Z [Modules] Checking for host updates.
2023-12-12T17:39:38.886Z [Modules] Streaming discord_krisp@1 to /home/leint/.config/discord/0.0.37/modules/pending/discord_krisp-1.zip: 56%
2023-12-12T17:39:38.932Z [Modules] Streaming discord_krisp@1 to /home/leint/.config/discord/0.0.37/modules/pending/discord_krisp-1.zip: 57%
2023-12-12T17:39:38.932Z [Modules] Streaming discord_krisp@1 to /home/leint/.config/discord/0.0.37/modules/pending/discord_krisp-1.zip: 58%
2023-12-12T17:39:38.946Z [Modules] Streaming discord_krisp@1 to /home/leint/.config/discord/0.0.37/modules/pending/discord_krisp-1.zip: 59%
2023-12-12T17:39:38.967Z [Modules] Starting to install discord_rpc...
2023-12-12T17:39:38.967Z [Modules] Streaming discord_krisp@1 to /home/leint/.config/discord/0.0.37/modules/pending/discord_krisp-1.zip: 60%
2023-12-12T17:39:38.988Z [Modules] Streaming discord_krisp@1 to /home/leint/.config/discord/0.0.37/modules/pending/discord_krisp-1.zip: 61%
2023-12-12T17:39:39.006Z [Modules] Streaming discord_krisp@1 to /home/leint/.config/discord/0.0.37/modules/pending/discord_krisp-1.zip: 62%
2023-12-12T17:39:39.026Z [Modules] Streaming discord_krisp@1 to /home/leint/.config/discord/0.0.37/modules/pending/discord_krisp-1.zip: 63%
2023-12-12T17:39:39.050Z [Modules] Streaming discord_krisp@1 to /home/leint/.config/discord/0.0.37/modules/pending/discord_krisp-1.zip: 64%
2023-12-12T17:39:39.071Z [Modules] Streaming discord_krisp@1 to /home/leint/.config/discord/0.0.37/modules/pending/discord_krisp-1.zip: 65%
2023-12-12T17:39:39.144Z [Modules] Streaming discord_krisp@1 to /home/leint/.config/discord/0.0.37/modules/pending/discord_krisp-1.zip: 66%
2023-12-12T17:39:39.144Z [Modules] Streaming discord_krisp@1 to /home/leint/.config/discord/0.0.37/modules/pending/discord_krisp-1.zip: 67%
2023-12-12T17:39:39.145Z [Modules] Streaming discord_krisp@1 to /home/leint/.config/discord/0.0.37/modules/pending/discord_krisp-1.zip: 68%
2023-12-12T17:39:39.155Z [Modules] Streaming discord_krisp@1 to /home/leint/.config/discord/0.0.37/modules/pending/discord_krisp-1.zip: 69%
2023-12-12T17:39:39.166Z [Modules] Host is up to date.
2023-12-12T17:39:39.166Z [Modules] Checking for module updates at https://discord.com/api/modules/stable/versions.json
2023-12-12T17:39:39.168Z [Modules] No module updates available.
2023-12-12T17:39:39.188Z [Modules] Streaming discord_krisp@1 to /home/leint/.config/discord/0.0.37/modules/pending/discord_krisp-1.zip: 70%
2023-12-12T17:39:39.195Z [Modules] Streaming discord_krisp@1 to /home/leint/.config/discord/0.0.37/modules/pending/discord_krisp-1.zip: 71%
2023-12-12T17:39:39.215Z [Modules] Streaming discord_krisp@1 to /home/leint/.config/discord/0.0.37/modules/pending/discord_krisp-1.zip: 72%
2023-12-12T17:39:39.235Z [Modules] Streaming discord_krisp@1 to /home/leint/.config/discord/0.0.37/modules/pending/discord_krisp-1.zip: 73%
2023-12-12T17:39:39.255Z [Modules] Streaming discord_krisp@1 to /home/leint/.config/discord/0.0.37/modules/pending/discord_krisp-1.zip: 74%
2023-12-12T17:39:39.341Z [Modules] Streaming discord_krisp@1 to /home/leint/.config/discord/0.0.37/modules/pending/discord_krisp-1.zip: 77%
2023-12-12T17:39:39.354Z [Modules] Streaming discord_krisp@1 to /home/leint/.config/discord/0.0.37/modules/pending/discord_krisp-1.zip: 78%
2023-12-12T17:39:39.375Z [Modules] Streaming discord_krisp@1 to /home/leint/.config/discord/0.0.37/modules/pending/discord_krisp-1.zip: 79%
2023-12-12T17:39:39.375Z [Modules] Streaming discord_krisp@1 to /home/leint/.config/discord/0.0.37/modules/pending/discord_krisp-1.zip: 80%
2023-12-12T17:39:39.394Z [Modules] Streaming discord_krisp@1 to /home/leint/.config/discord/0.0.37/modules/pending/discord_krisp-1.zip: 81%
2023-12-12T17:39:39.415Z [Modules] Streaming discord_krisp@1 to /home/leint/.config/discord/0.0.37/modules/pending/discord_krisp-1.zip: 82%
2023-12-12T17:39:39.434Z [Modules] Streaming discord_krisp@1 to /home/leint/.config/discord/0.0.37/modules/pending/discord_krisp-1.zip: 83%
2023-12-12T17:39:39.454Z [Modules] Streaming discord_krisp@1 to /home/leint/.config/discord/0.0.37/modules/pending/discord_krisp-1.zip: 84%
2023-12-12T17:39:39.474Z [Modules] Streaming discord_krisp@1 to /home/leint/.config/discord/0.0.37/modules/pending/discord_krisp-1.zip: 85%
2023-12-12T17:39:39.495Z [Modules] Streaming discord_krisp@1 to /home/leint/.config/discord/0.0.37/modules/pending/discord_krisp-1.zip: 86%
2023-12-12T17:39:39.513Z [Modules] Streaming discord_krisp@1 to /home/leint/.config/discord/0.0.37/modules/pending/discord_krisp-1.zip: 87%
2023-12-12T17:39:39.533Z [Modules] Streaming discord_krisp@1 to /home/leint/.config/discord/0.0.37/modules/pending/discord_krisp-1.zip: 88%
2023-12-12T17:39:39.553Z [Modules] Streaming discord_krisp@1 to /home/leint/.config/discord/0.0.37/modules/pending/discord_krisp-1.zip: 89%
2023-12-12T17:39:39.596Z [Modules] Streaming discord_krisp@1 to /home/leint/.config/discord/0.0.37/modules/pending/discord_krisp-1.zip: 90%
2023-12-12T17:39:39.596Z [Modules] Streaming discord_krisp@1 to /home/leint/.config/discord/0.0.37/modules/pending/discord_krisp-1.zip: 91%
2023-12-12T17:39:39.613Z [Modules] Streaming discord_krisp@1 to /home/leint/.config/discord/0.0.37/modules/pending/discord_krisp-1.zip: 92%
2023-12-12T17:39:39.633Z [Modules] Streaming discord_krisp@1 to /home/leint/.config/discord/0.0.37/modules/pending/discord_krisp-1.zip: 93%
2023-12-12T17:39:39.653Z [Modules] Streaming discord_krisp@1 to /home/leint/.config/discord/0.0.37/modules/pending/discord_krisp-1.zip: 94%
2023-12-12T17:39:39.673Z [Modules] Streaming discord_krisp@1 to /home/leint/.config/discord/0.0.37/modules/pending/discord_krisp-1.zip: 95%
2023-12-12T17:39:39.693Z [Modules] Streaming discord_krisp@1 to /home/leint/.config/discord/0.0.37/modules/pending/discord_krisp-1.zip: 96%
2023-12-12T17:39:39.711Z [Modules] Streaming discord_krisp@1 to /home/leint/.config/discord/0.0.37/modules/pending/discord_krisp-1.zip: 97%
2023-12-12T17:39:39.731Z [Modules] Streaming discord_krisp@1 to /home/leint/.config/discord/0.0.37/modules/pending/discord_krisp-1.zip: 98%
2023-12-12T17:39:39.751Z [Modules] Streaming discord_krisp@1 to /home/leint/.config/discord/0.0.37/modules/pending/discord_krisp-1.zip: 99%
2023-12-12T17:39:39.769Z [Modules] Streaming discord_krisp@1 to /home/leint/.config/discord/0.0.37/modules/pending/discord_krisp-1.zip: 100%
2023-12-12T17:39:39.770Z [Modules] Fetching discord_game_utils@1 from https://discord.com/api/modules/stable/discord_game_utils/1
2023-12-12T17:39:39.770Z [Modules] Streaming discord_game_utils@1 to /home/leint/.config/discord/0.0.37/modules/pending/discord_game_utils-1.zip
2023-12-12T17:39:39.770Z [Modules] Installing discord_krisp@1 from /home/leint/.config/discord/0.0.37/modules/pending/discord_krisp-1.zip
2023-12-12T17:39:40.229Z [Modules] Finished module installations. [success: 1] [failure: 0]
2023-12-12T17:39:40.259Z [Modules] Streaming discord_game_utils@1 to /home/leint/.config/discord/0.0.37/modules/pending/discord_game_utils-1.zip: 1%
2023-12-12T17:39:40.262Z [Modules] Streaming discord_game_utils@1 to /home/leint/.config/discord/0.0.37/modules/pending/discord_game_utils-1.zip: 2%
2023-12-12T17:39:40.263Z [Modules] Streaming discord_game_utils@1 to /home/leint/.config/discord/0.0.37/modules/pending/discord_game_utils-1.zip: 3%
2023-12-12T17:39:40.266Z [Modules] Streaming discord_game_utils@1 to /home/leint/.config/discord/0.0.37/modules/pending/discord_game_utils-1.zip: 4%
2023-12-12T17:39:40.267Z [Modules] Streaming discord_game_utils@1 to /home/leint/.config/discord/0.0.37/modules/pending/discord_game_utils-1.zip: 5%
2023-12-12T17:39:40.270Z [Modules] Streaming discord_game_utils@1 to /home/leint/.config/discord/0.0.37/modules/pending/discord_game_utils-1.zip: 6%
2023-12-12T17:39:40.271Z [Modules] Streaming discord_game_utils@1 to /home/leint/.config/discord/0.0.37/modules/pending/discord_game_utils-1.zip: 7%
2023-12-12T17:39:40.274Z [Modules] Streaming discord_game_utils@1 to /home/leint/.config/discord/0.0.37/modules/pending/discord_game_utils-1.zip: 8%
2023-12-12T17:39:40.276Z [Modules] Streaming discord_game_utils@1 to /home/leint/.config/discord/0.0.37/modules/pending/discord_game_utils-1.zip: 9%
2023-12-12T17:39:40.280Z [Modules] Streaming discord_game_utils@1 to /home/leint/.config/discord/0.0.37/modules/pending/discord_game_utils-1.zip: 11%
2023-12-12T17:39:40.283Z [Modules] Streaming discord_game_utils@1 to /home/leint/.config/discord/0.0.37/modules/pending/discord_game_utils-1.zip: 12%
2023-12-12T17:39:40.286Z [Modules] Streaming discord_game_utils@1 to /home/leint/.config/discord/0.0.37/modules/pending/discord_game_utils-1.zip: 13%
2023-12-12T17:39:40.287Z [Modules] Streaming discord_game_utils@1 to /home/leint/.config/discord/0.0.37/modules/pending/discord_game_utils-1.zip: 14%
2023-12-12T17:39:40.290Z [Modules] Streaming discord_game_utils@1 to /home/leint/.config/discord/0.0.37/modules/pending/discord_game_utils-1.zip: 15%
2023-12-12T17:39:40.291Z [Modules] Streaming discord_game_utils@1 to /home/leint/.config/discord/0.0.37/modules/pending/discord_game_utils-1.zip: 16%
2023-12-12T17:39:40.295Z [Modules] Streaming discord_game_utils@1 to /home/leint/.config/discord/0.0.37/modules/pending/discord_game_utils-1.zip: 17%
2023-12-12T17:39:40.296Z [Modules] Streaming discord_game_utils@1 to /home/leint/.config/discord/0.0.37/modules/pending/discord_game_utils-1.zip: 18%
2023-12-12T17:39:40.298Z [Modules] Streaming discord_game_utils@1 to /home/leint/.config/discord/0.0.37/modules/pending/discord_game_utils-1.zip: 19%
2023-12-12T17:39:40.300Z [Modules] Streaming discord_game_utils@1 to /home/leint/.config/discord/0.0.37/modules/pending/discord_game_utils-1.zip: 20%
2023-12-12T17:39:40.303Z [Modules] Streaming discord_game_utils@1 to /home/leint/.config/discord/0.0.37/modules/pending/discord_game_utils-1.zip: 21%
2023-12-12T17:39:40.304Z [Modules] Streaming discord_game_utils@1 to /home/leint/.config/discord/0.0.37/modules/pending/discord_game_utils-1.zip: 22%
2023-12-12T17:39:40.307Z [Modules] Streaming discord_game_utils@1 to /home/leint/.config/discord/0.0.37/modules/pending/discord_game_utils-1.zip: 23%
2023-12-12T17:39:40.310Z [Modules] Streaming discord_game_utils@1 to /home/leint/.config/discord/0.0.37/modules/pending/discord_game_utils-1.zip: 24%
2023-12-12T17:39:40.312Z [Modules] Streaming discord_game_utils@1 to /home/leint/.config/discord/0.0.37/modules/pending/discord_game_utils-1.zip: 25%
2023-12-12T17:39:40.343Z [Modules] Streaming discord_game_utils@1 to /home/leint/.config/discord/0.0.37/modules/pending/discord_game_utils-1.zip: 28%
2023-12-12T17:39:40.344Z [Modules] Streaming discord_game_utils@1 to /home/leint/.config/discord/0.0.37/modules/pending/discord_game_utils-1.zip: 29%
2023-12-12T17:39:40.350Z [Modules] Streaming discord_game_utils@1 to /home/leint/.config/discord/0.0.37/modules/pending/discord_game_utils-1.zip: 32%
2023-12-12T17:39:40.351Z [Modules] Streaming discord_game_utils@1 to /home/leint/.config/discord/0.0.37/modules/pending/discord_game_utils-1.zip: 41%
2023-12-12T17:39:40.351Z [Modules] Streaming discord_game_utils@1 to /home/leint/.config/discord/0.0.37/modules/pending/discord_game_utils-1.zip: 43%
2023-12-12T17:39:40.353Z [Modules] Streaming discord_game_utils@1 to /home/leint/.config/discord/0.0.37/modules/pending/discord_game_utils-1.zip: 44%
2023-12-12T17:39:40.356Z [Modules] Streaming discord_game_utils@1 to /home/leint/.config/discord/0.0.37/modules/pending/discord_game_utils-1.zip: 45%
2023-12-12T17:39:40.357Z [Modules] Streaming discord_game_utils@1 to /home/leint/.config/discord/0.0.37/modules/pending/discord_game_utils-1.zip: 46%
2023-12-12T17:39:40.373Z [Modules] Streaming discord_game_utils@1 to /home/leint/.config/discord/0.0.37/modules/pending/discord_game_utils-1.zip: 47%
2023-12-12T17:39:40.375Z [Modules] Streaming discord_game_utils@1 to /home/leint/.config/discord/0.0.37/modules/pending/discord_game_utils-1.zip: 48%
2023-12-12T17:39:40.378Z [Modules] Streaming discord_game_utils@1 to /home/leint/.config/discord/0.0.37/modules/pending/discord_game_utils-1.zip: 49%
2023-12-12T17:39:40.380Z [Modules] Streaming discord_game_utils@1 to /home/leint/.config/discord/0.0.37/modules/pending/discord_game_utils-1.zip: 50%
2023-12-12T17:39:40.382Z [Modules] Streaming discord_game_utils@1 to /home/leint/.config/discord/0.0.37/modules/pending/discord_game_utils-1.zip: 51%
2023-12-12T17:39:40.384Z [Modules] Streaming discord_game_utils@1 to /home/leint/.config/discord/0.0.37/modules/pending/discord_game_utils-1.zip: 52%
2023-12-12T17:39:40.386Z [Modules] Streaming discord_game_utils@1 to /home/leint/.config/discord/0.0.37/modules/pending/discord_game_utils-1.zip: 53%
2023-12-12T17:39:40.389Z [Modules] Streaming discord_game_utils@1 to /home/leint/.config/discord/0.0.37/modules/pending/discord_game_utils-1.zip: 54%
2023-12-12T17:39:40.390Z [Modules] Streaming discord_game_utils@1 to /home/leint/.config/discord/0.0.37/modules/pending/discord_game_utils-1.zip: 55%
2023-12-12T17:39:40.394Z [Modules] Streaming discord_game_utils@1 to /home/leint/.config/discord/0.0.37/modules/pending/discord_game_utils-1.zip: 56%
2023-12-12T17:39:40.395Z [Modules] Streaming discord_game_utils@1 to /home/leint/.config/discord/0.0.37/modules/pending/discord_game_utils-1.zip: 57%
2023-12-12T17:39:40.397Z [Modules] Streaming discord_game_utils@1 to /home/leint/.config/discord/0.0.37/modules/pending/discord_game_utils-1.zip: 58%
2023-12-12T17:39:40.399Z [Modules] Streaming discord_game_utils@1 to /home/leint/.config/discord/0.0.37/modules/pending/discord_game_utils-1.zip: 59%
2023-12-12T17:39:40.401Z [Modules] Streaming discord_game_utils@1 to /home/leint/.config/discord/0.0.37/modules/pending/discord_game_utils-1.zip: 60%
2023-12-12T17:39:40.404Z [Modules] Streaming discord_game_utils@1 to /home/leint/.config/discord/0.0.37/modules/pending/discord_game_utils-1.zip: 61%
2023-12-12T17:39:40.406Z [Modules] Streaming discord_game_utils@1 to /home/leint/.config/discord/0.0.37/modules/pending/discord_game_utils-1.zip: 62%
2023-12-12T17:39:40.408Z [Modules] Streaming discord_game_utils@1 to /home/leint/.config/discord/0.0.37/modules/pending/discord_game_utils-1.zip: 63%
2023-12-12T17:39:40.410Z [Modules] Streaming discord_game_utils@1 to /home/leint/.config/discord/0.0.37/modules/pending/discord_game_utils-1.zip: 64%
2023-12-12T17:39:40.413Z [Modules] Streaming discord_game_utils@1 to /home/leint/.config/discord/0.0.37/modules/pending/discord_game_utils-1.zip: 65%
2023-12-12T17:39:40.414Z [Modules] Streaming discord_game_utils@1 to /home/leint/.config/discord/0.0.37/modules/pending/discord_game_utils-1.zip: 66%
2023-12-12T17:39:40.417Z [Modules] Streaming discord_game_utils@1 to /home/leint/.config/discord/0.0.37/modules/pending/discord_game_utils-1.zip: 67%
2023-12-12T17:39:40.418Z [Modules] Streaming discord_game_utils@1 to /home/leint/.config/discord/0.0.37/modules/pending/discord_game_utils-1.zip: 68%
2023-12-12T17:39:40.421Z [Modules] Streaming discord_game_utils@1 to /home/leint/.config/discord/0.0.37/modules/pending/discord_game_utils-1.zip: 69%
2023-12-12T17:39:40.423Z [Modules] Streaming discord_game_utils@1 to /home/leint/.config/discord/0.0.37/modules/pending/discord_game_utils-1.zip: 70%
2023-12-12T17:39:40.426Z [Modules] Streaming discord_game_utils@1 to /home/leint/.config/discord/0.0.37/modules/pending/discord_game_utils-1.zip: 71%
2023-12-12T17:39:40.427Z [Modules] Streaming discord_game_utils@1 to /home/leint/.config/discord/0.0.37/modules/pending/discord_game_utils-1.zip: 72%
2023-12-12T17:39:40.430Z [Modules] Streaming discord_game_utils@1 to /home/leint/.config/discord/0.0.37/modules/pending/discord_game_utils-1.zip: 73%
2023-12-12T17:39:40.433Z [Modules] Streaming discord_game_utils@1 to /home/leint/.config/discord/0.0.37/modules/pending/discord_game_utils-1.zip: 74%
2023-12-12T17:39:40.434Z [Modules] Streaming discord_game_utils@1 to /home/leint/.config/discord/0.0.37/modules/pending/discord_game_utils-1.zip: 75%
2023-12-12T17:39:40.437Z [Modules] Streaming discord_game_utils@1 to /home/leint/.config/discord/0.0.37/modules/pending/discord_game_utils-1.zip: 76%
2023-12-12T17:39:40.438Z [Modules] Streaming discord_game_utils@1 to /home/leint/.config/discord/0.0.37/modules/pending/discord_game_utils-1.zip: 77%
2023-12-12T17:39:40.441Z [Modules] Streaming discord_game_utils@1 to /home/leint/.config/discord/0.0.37/modules/pending/discord_game_utils-1.zip: 78%
2023-12-12T17:39:40.443Z [Modules] Streaming discord_game_utils@1 to /home/leint/.config/discord/0.0.37/modules/pending/discord_game_utils-1.zip: 79%
2023-12-12T17:39:40.446Z [Modules] Streaming discord_game_utils@1 to /home/leint/.config/discord/0.0.37/modules/pending/discord_game_utils-1.zip: 80%
2023-12-12T17:39:40.447Z [Modules] Streaming discord_game_utils@1 to /home/leint/.config/discord/0.0.37/modules/pending/discord_game_utils-1.zip: 81%
2023-12-12T17:39:40.450Z [Modules] Streaming discord_game_utils@1 to /home/leint/.config/discord/0.0.37/modules/pending/discord_game_utils-1.zip: 82%
2023-12-12T17:39:40.451Z [Modules] Streaming discord_game_utils@1 to /home/leint/.config/discord/0.0.37/modules/pending/discord_game_utils-1.zip: 83%
2023-12-12T17:39:40.454Z [Modules] Streaming discord_game_utils@1 to /home/leint/.config/discord/0.0.37/modules/pending/discord_game_utils-1.zip: 84%
2023-12-12T17:39:40.455Z [Modules] Streaming discord_game_utils@1 to /home/leint/.config/discord/0.0.37/modules/pending/discord_game_utils-1.zip: 85%
2023-12-12T17:39:40.458Z [Modules] Streaming discord_game_utils@1 to /home/leint/.config/discord/0.0.37/modules/pending/discord_game_utils-1.zip: 86%
2023-12-12T17:39:40.461Z [Modules] Streaming discord_game_utils@1 to /home/leint/.config/discord/0.0.37/modules/pending/discord_game_utils-1.zip: 87%
2023-12-12T17:39:40.463Z [Modules] Streaming discord_game_utils@1 to /home/leint/.config/discord/0.0.37/modules/pending/discord_game_utils-1.zip: 88%
2023-12-12T17:39:40.465Z [Modules] Streaming discord_game_utils@1 to /home/leint/.config/discord/0.0.37/modules/pending/discord_game_utils-1.zip: 89%
2023-12-12T17:39:40.467Z [Modules] Streaming discord_game_utils@1 to /home/leint/.config/discord/0.0.37/modules/pending/discord_game_utils-1.zip: 90%
2023-12-12T17:39:40.470Z [Modules] Streaming discord_game_utils@1 to /home/leint/.config/discord/0.0.37/modules/pending/discord_game_utils-1.zip: 91%
2023-12-12T17:39:40.471Z [Modules] Streaming discord_game_utils@1 to /home/leint/.config/discord/0.0.37/modules/pending/discord_game_utils-1.zip: 92%
2023-12-12T17:39:40.474Z [Modules] Streaming discord_game_utils@1 to /home/leint/.config/discord/0.0.37/modules/pending/discord_game_utils-1.zip: 93%
2023-12-12T17:39:40.475Z [Modules] Streaming discord_game_utils@1 to /home/leint/.config/discord/0.0.37/modules/pending/discord_game_utils-1.zip: 94%
2023-12-12T17:39:40.478Z [Modules] Streaming discord_game_utils@1 to /home/leint/.config/discord/0.0.37/modules/pending/discord_game_utils-1.zip: 95%
2023-12-12T17:39:40.480Z [Modules] Streaming discord_game_utils@1 to /home/leint/.config/discord/0.0.37/modules/pending/discord_game_utils-1.zip: 96%
2023-12-12T17:39:40.482Z [Modules] Streaming discord_game_utils@1 to /home/leint/.config/discord/0.0.37/modules/pending/discord_game_utils-1.zip: 97%
2023-12-12T17:39:40.484Z [Modules] Streaming discord_game_utils@1 to /home/leint/.config/discord/0.0.37/modules/pending/discord_game_utils-1.zip: 98%
2023-12-12T17:39:40.487Z [Modules] Streaming discord_game_utils@1 to /home/leint/.config/discord/0.0.37/modules/pending/discord_game_utils-1.zip: 99%
2023-12-12T17:39:40.488Z [Modules] Streaming discord_game_utils@1 to /home/leint/.config/discord/0.0.37/modules/pending/discord_game_utils-1.zip: 100%
2023-12-12T17:39:40.489Z [Modules] Fetching discord_rpc@1 from https://discord.com/api/modules/stable/discord_rpc/1
2023-12-12T17:39:40.489Z [Modules] Streaming discord_rpc@1 to /home/leint/.config/discord/0.0.37/modules/pending/discord_rpc-1.zip
2023-12-12T17:39:40.489Z [Modules] Installing discord_game_utils@1 from /home/leint/.config/discord/0.0.37/modules/pending/discord_game_utils-1.zip
2023-12-12T17:39:40.572Z [Modules] Finished module installations. [success: 1] [failure: 0]
2023-12-12T17:39:40.961Z [Modules] Streaming discord_rpc@1 to /home/leint/.config/discord/0.0.37/modules/pending/discord_rpc-1.zip: 100%
2023-12-12T17:39:40.964Z [Modules] Finished module downloads. [success: 3] [failure: 0]
2023-12-12T17:39:40.965Z [Modules] Installing discord_rpc@1 from /home/leint/.config/discord/0.0.37/modules/pending/discord_rpc-1.zip
2023-12-12T17:39:41.001Z [Modules] Finished module installations. [success: 1] [failure: 0]
2023-12-12T18:39:38.879Z [Modules] Checking for host updates.
2023-12-12T18:39:39.230Z [Modules] Host is up to date.
2023-12-12T18:39:39.231Z [Modules] Checking for module updates at https://discord.com/api/modules/stable/versions.json
2023-12-12T18:39:39.283Z [Modules] No module updates available.
2023-12-12T19:39:38.879Z [Modules] Checking for host updates.
2023-12-12T19:39:39.190Z [Modules] Host update is available. Manual update required!
2023-12-13T00:11:49.166Z [Modules] Modules initializing
2023-12-13T00:11:49.167Z [Modules] Distribution: remote
2023-12-13T00:11:49.167Z [Modules] Host updates: enabled
2023-12-13T00:11:49.167Z [Modules] Module updates: enabled
2023-12-13T00:11:49.168Z [Modules] Module install path: /home/leint/.config/discord/0.0.37/modules
2023-12-13T00:11:49.168Z [Modules] Module installed file path: /home/leint/.config/discord/0.0.37/modules/installed.json
2023-12-13T00:11:49.169Z [Modules] Module download path: /home/leint/.config/discord/0.0.37/modules/pending
2023-12-13T00:11:50.544Z [Modules] No updates to install
2023-12-13T00:11:50.545Z [Modules] Checking for host updates.
2023-12-13T00:11:50.950Z [Modules] Host update is available. Manual update required!
2023-12-13T14:09:49.233Z [Modules] Modules initializing
2023-12-13T14:09:49.233Z [Modules] Distribution: remote
2023-12-13T14:09:49.233Z [Modules] Host updates: enabled
2023-12-13T14:09:49.234Z [Modules] Module updates: enabled
2023-12-13T14:09:49.234Z [Modules] Module install path: /home/leint/.config/discord/0.0.37/modules
2023-12-13T14:09:49.234Z [Modules] Module installed file path: /home/leint/.config/discord/0.0.37/modules/installed.json
2023-12-13T14:09:49.234Z [Modules] Module download path: /home/leint/.config/discord/0.0.37/modules/pending
2023-12-13T14:09:50.643Z [Modules] No updates to install
2023-12-13T14:09:50.643Z [Modules] Checking for host updates.
2023-12-13T14:09:51.086Z [Modules] Host update is available. Manual update required!
2023-12-13T14:11:22.875Z [Modules] Modules initializing
2023-12-13T14:11:22.876Z [Modules] Distribution: remote
2023-12-13T14:11:22.876Z [Modules] Host updates: enabled
2023-12-13T14:11:22.876Z [Modules] Module updates: enabled
2023-12-13T14:11:22.876Z [Modules] Module install path: /home/leint/.config/discord/0.0.37/modules
2023-12-13T14:11:22.876Z [Modules] Module installed file path: /home/leint/.config/discord/0.0.37/modules/installed.json
2023-12-13T14:11:22.876Z [Modules] Module download path: /home/leint/.config/discord/0.0.37/modules/pending
2023-12-13T14:11:24.304Z [Modules] No updates to install
2023-12-13T14:11:24.305Z [Modules] Checking for host updates.
2023-12-13T14:11:24.731Z [Modules] Host update is available. Manual update required!
2023-12-13T14:14:49.633Z [Modules] Modules initializing
2023-12-13T14:14:49.633Z [Modules] Distribution: remote
2023-12-13T14:14:49.634Z [Modules] Host updates: disabled
2023-12-13T14:14:49.634Z [Modules] Module updates: enabled
2023-12-13T14:14:49.634Z [Modules] Module install path: /home/leint/.config/discord/0.0.37/modules
2023-12-13T14:14:49.634Z [Modules] Module installed file path: /home/leint/.config/discord/0.0.37/modules/installed.json
2023-12-13T14:14:49.634Z [Modules] Module download path: /home/leint/.config/discord/0.0.37/modules/pending
2023-12-13T14:14:51.033Z [Modules] No updates to install
2023-12-13T14:14:51.034Z [Modules] Host is up to date.
2023-12-13T14:14:51.034Z [Modules] Checking for module updates at https://discord.com/api/modules/stable/versions.json
2023-12-13T14:14:51.268Z [Modules] No module updates available.
2023-12-13T14:14:54.036Z [Modules] Host is up to date.
2023-12-13T14:14:54.036Z [Modules] Checking for module updates at https://discord.com/api/modules/stable/versions.json
2023-12-13T14:14:54.039Z [Modules] No module updates available.
2023-12-13T15:14:54.041Z [Modules] Host is up to date.
2023-12-13T15:14:54.042Z [Modules] Checking for module updates at https://discord.com/api/modules/stable/versions.json
2023-12-13T15:14:54.161Z [Modules] No module updates available.
